mode: set
final/cmd/main.go:28.13,31.40 2 0
final/cmd/main.go:31.40,33.3 1 0
final/cmd/main.go:34.2,37.16 3 0
final/cmd/main.go:37.16,39.3 1 0
final/cmd/main.go:40.2,42.16 3 0
final/cmd/main.go:42.16,44.3 1 0
final/cmd/main.go:46.2,55.12 6 0
final/cmd/main.go:55.12,57.86 2 0
final/cmd/main.go:57.86,59.4 1 0
final/cmd/main.go:62.2,62.12 1 0
final/cmd/main.go:62.12,64.21 2 0
final/cmd/main.go:64.21,66.4 1 0
final/cmd/main.go:67.3,68.21 2 0
final/cmd/main.go:68.21,70.4 1 0
final/cmd/main.go:72.3,79.63 7 0
final/cmd/main.go:79.63,81.4 1 0
final/cmd/main.go:84.2,84.12 1 0
final/cmd/main.go:84.12,87.24 3 0
final/cmd/main.go:87.24,89.4 1 0
final/cmd/main.go:91.3,92.24 2 0
final/cmd/main.go:92.24,94.4 1 0
final/cmd/main.go:95.3,95.68 1 0
final/cmd/main.go:98.2,106.41 7 0
final/cmd/main.go:106.41,108.3 1 0
final/cmd/main.go:110.2,110.9 1 0
final/cmd/main.go:111.20,112.36 1 0
final/cmd/main.go:114.2,114.28 1 0
final/internal/logger/logger.go:5.19,8.2 2 0
final/internal/metrics/config.go:51.13,57.2 5 0
final/internal/metrics/config.go:59.45,60.30 1 0
final/internal/metrics/config.go:60.30,67.21 6 0
final/internal/metrics/config.go:67.21,69.4 1 0
final/internal/metrics/config.go:71.3,72.81 2 0
final/internal/metrics/config.go:76.39,78.30 2 0
final/internal/metrics/config.go:78.30,80.3 1 0
final/internal/repository/mocks/mock.go:28.71,32.2 3 0
final/internal/repository/mocks/mock.go:35.69,37.2 1 0
final/internal/repository/mocks/mock.go:40.100,46.2 5 0
final/internal/repository/mocks/mock.go:49.89,52.2 2 0
final/internal/repository/mocks/mock.go:55.84,61.2 5 0
final/internal/repository/mocks/mock.go:64.83,67.2 2 0
final/internal/repository/mocks/mock.go:70.137,76.2 5 0
final/internal/repository/mocks/mock.go:79.108,82.2 2 0
final/internal/repository/mocks/mock.go:96.83,100.2 3 0
final/internal/repository/mocks/mock.go:103.81,105.2 1 0
final/internal/repository/mocks/mock.go:108.113,114.2 5 0
final/internal/repository/mocks/mock.go:117.100,120.2 2 0
final/internal/repository/mocks/mock.go:123.124,129.2 5 0
final/internal/repository/mocks/mock.go:132.101,135.2 2 0
final/internal/repository/mocks/mock.go:149.79,153.2 3 0
final/internal/repository/mocks/mock.go:156.77,158.2 1 0
final/internal/repository/mocks/mock.go:161.121,167.2 5 0
final/internal/repository/mocks/mock.go:170.97,173.2 2 0
final/internal/repository/mocks/mock.go:176.99,181.2 4 0
final/internal/repository/mocks/mock.go:184.107,187.2 2 0
final/internal/repository/mocks/mock.go:201.73,205.2 3 0
final/internal/repository/mocks/mock.go:208.71,210.2 1 0
final/internal/repository/mocks/mock.go:213.102,219.2 5 0
final/internal/repository/mocks/mock.go:222.95,225.2 2 0
final/internal/repository/mocks/mock.go:228.102,234.2 5 0
final/internal/repository/mocks/mock.go:237.89,240.2 2 0
final/cmd/main.go:28.13,31.40 2 0
final/cmd/main.go:31.40,33.3 1 0
final/cmd/main.go:34.2,37.16 3 0
final/cmd/main.go:37.16,39.3 1 0
final/cmd/main.go:40.2,42.16 3 0
final/cmd/main.go:42.16,44.3 1 0
final/cmd/main.go:46.2,55.12 6 0
final/cmd/main.go:55.12,57.86 2 0
final/cmd/main.go:57.86,59.4 1 0
final/cmd/main.go:62.2,62.12 1 0
final/cmd/main.go:62.12,64.21 2 0
final/cmd/main.go:64.21,66.4 1 0
final/cmd/main.go:67.3,68.21 2 0
final/cmd/main.go:68.21,70.4 1 0
final/cmd/main.go:72.3,79.63 7 0
final/cmd/main.go:79.63,81.4 1 0
final/cmd/main.go:84.2,84.12 1 0
final/cmd/main.go:84.12,87.24 3 0
final/cmd/main.go:87.24,89.4 1 0
final/cmd/main.go:91.3,92.24 2 0
final/cmd/main.go:92.24,94.4 1 0
final/cmd/main.go:95.3,95.68 1 0
final/cmd/main.go:98.2,106.41 7 0
final/cmd/main.go:106.41,108.3 1 0
final/cmd/main.go:110.2,110.9 1 0
final/cmd/main.go:111.20,112.36 1 0
final/cmd/main.go:114.2,114.28 1 0
final/internal/controller/handler.go:16.51,18.2 1 0
final/internal/controller/handler.go:20.41,38.38 12 0
final/internal/controller/handler.go:38.38,41.3 1 0
final/internal/controller/handler.go:42.2,42.15 1 0
final/internal/controller/handler.go:45.45,48.41 3 0
final/internal/controller/handler.go:48.41,51.3 2 0
final/internal/controller/handler.go:53.2,54.16 2 0
final/internal/controller/handler.go:54.16,57.3 2 0
final/internal/controller/handler.go:58.2,59.26 2 0
final/internal/controller/handler.go:62.51,65.47 3 0
final/internal/controller/handler.go:65.47,68.3 2 0
final/internal/controller/handler.go:70.2,71.16 2 0
final/internal/controller/handler.go:71.16,74.3 2 0
final/internal/controller/handler.go:75.2,76.33 2 0
final/internal/controller/handler.go:79.54,84.16 4 0
final/internal/controller/handler.go:84.16,87.3 2 0
final/internal/controller/handler.go:88.2,88.34 1 0
final/internal/controller/handler.go:91.49,94.50 3 0
final/internal/controller/handler.go:94.50,97.3 2 0
final/internal/controller/handler.go:99.2,100.16 2 0
final/internal/controller/handler.go:100.16,103.3 2 0
final/internal/controller/handler.go:104.2,105.29 2 0
final/internal/controller/handler.go:108.59,112.16 3 0
final/internal/controller/handler.go:112.16,116.3 3 0
final/internal/controller/handler.go:117.2,117.25 1 0
final/internal/controller/handler.go:120.46,127.16 6 0
final/internal/controller/handler.go:127.16,131.3 3 0
final/internal/controller/handler.go:132.2,133.32 2 0
final/internal/controller/handler.go:136.46,139.42 3 0
final/internal/controller/handler.go:139.42,142.3 2 0
final/internal/controller/handler.go:144.2,144.40 1 0
final/internal/controller/handler.go:144.40,147.3 2 0
final/internal/controller/handler.go:149.2,150.16 2 0
final/internal/controller/handler.go:150.16,153.3 2 0
final/internal/controller/handler.go:154.2,154.30 1 0
final/internal/controller/handler.go:157.44,160.47 3 0
final/internal/controller/handler.go:160.47,163.3 2 0
final/internal/controller/handler.go:165.2,165.45 1 0
final/internal/controller/handler.go:165.45,168.3 2 0
final/internal/controller/handler.go:170.2,171.16 2 0
final/internal/controller/handler.go:171.16,174.3 2 0
final/internal/controller/handler.go:175.2,175.34 1 0
final/internal/controller/handler.go:178.41,181.47 3 0
final/internal/controller/handler.go:181.47,184.3 2 0
final/internal/controller/handler.go:186.2,187.16 2 0
final/internal/controller/handler.go:187.16,190.3 2 0
final/internal/controller/handler.go:192.2,193.16 2 0
final/internal/controller/handler.go:193.16,196.3 2 0
final/internal/controller/handler.go:197.2,197.30 1 0
final/internal/database/postgres.go:20.81,40.34 13 0
final/internal/database/postgres.go:40.34,42.17 2 0
final/internal/database/postgres.go:42.17,43.9 1 0
final/internal/database/postgres.go:45.3,46.25 2 0
final/internal/database/postgres.go:48.2,48.29 1 0
final/internal/database/postgres.go:48.29,50.3 1 0
final/internal/database/postgres.go:52.2,58.20 6 0
final/internal/database/postgres.go:61.39,63.53 2 0
final/internal/database/postgres.go:63.53,65.3 1 0
final/internal/database/postgres.go:67.2,68.28 2 0
final/internal/database/postgres.go:68.28,70.3 1 0
final/internal/database/postgres.go:71.2,71.69 1 0
final/internal/database/postgres.go:71.69,73.3 1 0
final/internal/database/postgres.go:76.46,78.2 1 0
final/internal/logger/logger.go:5.19,8.2 2 0
final/internal/metrics/config.go:51.13,57.2 5 0
final/internal/metrics/config.go:59.45,60.30 1 0
final/internal/metrics/config.go:60.30,67.21 6 0
final/internal/metrics/config.go:67.21,69.4 1 0
final/internal/metrics/config.go:71.3,72.81 2 0
final/internal/metrics/config.go:76.39,78.30 2 0
final/internal/metrics/config.go:78.30,80.3 1 0
final/internal/midleware/auth.go:17.33,19.18 2 1
final/internal/midleware/auth.go:19.18,21.3 1 1
final/internal/midleware/auth.go:22.2,25.22 3 1
final/internal/midleware/auth.go:25.22,27.3 1 0
final/internal/midleware/auth.go:28.2,29.16 2 1
final/internal/midleware/auth.go:29.16,31.3 1 1
final/internal/midleware/auth.go:31.8,31.21 1 1
final/internal/midleware/auth.go:31.21,33.3 1 0
final/internal/midleware/auth.go:34.2,36.12 2 1
final/internal/midleware/auth.go:39.35,40.30 1 1
final/internal/midleware/auth.go:40.30,42.46 2 1
final/internal/midleware/auth.go:42.46,45.4 2 1
final/internal/midleware/auth.go:46.3,48.81 2 1
final/internal/midleware/auth.go:48.81,49.59 1 1
final/internal/midleware/auth.go:49.59,51.5 1 0
final/internal/midleware/auth.go:52.4,52.25 1 1
final/internal/midleware/auth.go:55.3,55.33 1 1
final/internal/midleware/auth.go:55.33,58.4 2 1
final/internal/midleware/auth.go:60.3,61.10 2 1
final/internal/midleware/auth.go:61.10,64.4 2 0
final/internal/midleware/auth.go:66.3,68.11 3 1
final/internal/midleware/auth.go:77.35,78.17 1 1
final/internal/midleware/auth.go:78.17,80.3 1 1
final/internal/midleware/auth.go:81.2,82.11 2 1
final/internal/midleware/auth.go:85.58,86.30 1 1
final/internal/midleware/auth.go:86.30,88.34 2 1
final/internal/midleware/auth.go:88.34,89.17 1 1
final/internal/midleware/auth.go:89.17,92.5 2 1
final/internal/midleware/auth.go:94.3,95.12 2 1
final/internal/midleware/auth.go:99.55,108.16 4 1
final/internal/midleware/auth.go:108.16,111.3 2 0
final/internal/midleware/auth.go:112.2,112.25 1 1
final/internal/repository/repository.go:20.45,28.2 2 0
final/internal/repository/mocks/mock.go:28.71,32.2 3 0
final/internal/repository/mocks/mock.go:35.69,37.2 1 0
final/internal/repository/mocks/mock.go:40.100,46.2 5 0
final/internal/repository/mocks/mock.go:49.89,52.2 2 0
final/internal/repository/mocks/mock.go:55.84,61.2 5 0
final/internal/repository/mocks/mock.go:64.83,67.2 2 0
final/internal/repository/mocks/mock.go:70.137,76.2 5 0
final/internal/repository/mocks/mock.go:79.108,82.2 2 0
final/internal/repository/mocks/mock.go:96.83,100.2 3 0
final/internal/repository/mocks/mock.go:103.81,105.2 1 0
final/internal/repository/mocks/mock.go:108.113,114.2 5 0
final/internal/repository/mocks/mock.go:117.100,120.2 2 0
final/internal/repository/mocks/mock.go:123.124,129.2 5 0
final/internal/repository/mocks/mock.go:132.101,135.2 2 0
final/internal/repository/mocks/mock.go:149.79,153.2 3 0
final/internal/repository/mocks/mock.go:156.77,158.2 1 0
final/internal/repository/mocks/mock.go:161.121,167.2 5 0
final/internal/repository/mocks/mock.go:170.97,173.2 2 0
final/internal/repository/mocks/mock.go:176.99,181.2 4 0
final/internal/repository/mocks/mock.go:184.107,187.2 2 0
final/internal/repository/mocks/mock.go:201.73,205.2 3 0
final/internal/repository/mocks/mock.go:208.71,210.2 1 0
final/internal/repository/mocks/mock.go:213.102,219.2 5 0
final/internal/repository/mocks/mock.go:222.95,225.2 2 0
final/internal/repository/mocks/mock.go:228.102,234.2 5 0
final/internal/repository/mocks/mock.go:237.89,240.2 2 0
final/internal/repository/postgres/product.go:15.101,17.2 1 0
final/internal/repository/postgres/product.go:19.124,21.16 2 0
final/internal/repository/postgres/product.go:21.16,24.3 2 0
final/internal/repository/postgres/product.go:25.2,25.15 1 0
final/internal/repository/postgres/product.go:25.15,26.17 1 0
final/internal/repository/postgres/product.go:26.17,27.56 1 0
final/internal/repository/postgres/product.go:27.56,29.5 1 0
final/internal/repository/postgres/product.go:30.9,32.24 2 0
final/internal/repository/postgres/product.go:32.24,34.5 1 0
final/internal/repository/postgres/product.go:38.2,39.16 2 0
final/internal/repository/postgres/product.go:39.16,41.3 1 0
final/internal/repository/postgres/product.go:41.8,41.31 1 0
final/internal/repository/postgres/product.go:41.31,43.3 1 0
final/internal/repository/postgres/product.go:45.2,54.16 7 0
final/internal/repository/postgres/product.go:54.16,57.3 2 0
final/internal/repository/postgres/product.go:58.2,58.22 1 0
final/internal/repository/postgres/product.go:61.95,63.16 2 0
final/internal/repository/postgres/product.go:63.16,66.3 2 0
final/internal/repository/postgres/product.go:67.2,67.15 1 0
final/internal/repository/postgres/product.go:67.15,68.17 1 0
final/internal/repository/postgres/product.go:68.17,69.56 1 0
final/internal/repository/postgres/product.go:69.56,71.5 1 0
final/internal/repository/postgres/product.go:72.9,74.24 2 0
final/internal/repository/postgres/product.go:74.24,76.5 1 0
final/internal/repository/postgres/product.go:80.2,81.16 2 0
final/internal/repository/postgres/product.go:81.16,83.3 1 0
final/internal/repository/postgres/product.go:83.8,83.31 1 0
final/internal/repository/postgres/product.go:83.31,85.3 1 0
final/internal/repository/postgres/product.go:87.2,88.16 2 0
final/internal/repository/postgres/product.go:88.16,90.3 1 0
final/internal/repository/postgres/product.go:90.8,90.30 1 0
final/internal/repository/postgres/product.go:90.30,92.3 1 0
final/internal/repository/postgres/product.go:94.2,104.16 3 0
final/internal/repository/postgres/product.go:104.16,107.3 2 0
final/internal/repository/postgres/product.go:108.2,108.12 1 0
final/internal/repository/postgres/product.go:111.131,115.16 4 0
final/internal/repository/postgres/product.go:115.16,118.3 2 0
final/internal/repository/postgres/product.go:119.2,119.26 1 0
final/internal/repository/postgres/pvz.go:17.51,19.2 1 0
final/internal/repository/postgres/pvz.go:21.94,27.65 3 0
final/internal/repository/postgres/pvz.go:27.65,30.3 2 0
final/internal/repository/postgres/pvz.go:31.2,31.17 1 0
final/internal/repository/postgres/pvz.go:34.79,38.16 3 0
final/internal/repository/postgres/pvz.go:38.16,41.3 2 0
final/internal/repository/postgres/pvz.go:42.2,42.29 1 0
final/internal/repository/postgres/pvz.go:42.29,44.17 2 0
final/internal/repository/postgres/pvz.go:44.17,46.4 1 0
final/internal/repository/postgres/pvz.go:49.2,50.18 2 0
final/internal/repository/postgres/pvz.go:50.18,53.17 3 0
final/internal/repository/postgres/pvz.go:53.17,56.4 2 0
final/internal/repository/postgres/pvz.go:57.3,57.32 1 0
final/internal/repository/postgres/pvz.go:60.2,60.20 1 0
final/internal/repository/postgres/pvz.go:63.143,76.22 3 0
final/internal/repository/postgres/pvz.go:76.22,78.3 1 0
final/internal/repository/postgres/pvz.go:79.2,79.20 1 0
final/internal/repository/postgres/pvz.go:79.20,81.3 1 0
final/internal/repository/postgres/pvz.go:83.2,88.16 3 0
final/internal/repository/postgres/pvz.go:88.16,91.3 2 0
final/internal/repository/postgres/pvz.go:93.2,94.16 2 0
final/internal/repository/postgres/pvz.go:94.16,97.3 2 0
final/internal/repository/postgres/pvz.go:98.2,98.29 1 0
final/internal/repository/postgres/pvz.go:98.29,100.17 2 0
final/internal/repository/postgres/pvz.go:100.17,102.4 1 0
final/internal/repository/postgres/pvz.go:105.2,106.18 2 0
final/internal/repository/postgres/pvz.go:106.18,120.17 3 0
final/internal/repository/postgres/pvz.go:120.17,123.4 2 0
final/internal/repository/postgres/pvz.go:125.3,126.31 2 0
final/internal/repository/postgres/pvz.go:126.31,135.4 1 0
final/internal/repository/postgres/pvz.go:137.3,137.24 1 0
final/internal/repository/postgres/pvz.go:137.24,141.41 3 0
final/internal/repository/postgres/pvz.go:141.41,142.66 1 0
final/internal/repository/postgres/pvz.go:142.66,144.25 2 0
final/internal/repository/postgres/pvz.go:144.25,151.7 1 0
final/internal/repository/postgres/pvz.go:152.6,152.11 1 0
final/internal/repository/postgres/pvz.go:156.4,156.24 1 0
final/internal/repository/postgres/pvz.go:156.24,166.24 2 0
final/internal/repository/postgres/pvz.go:166.24,173.6 1 0
final/internal/repository/postgres/pvz.go:174.5,174.72 1 0
final/internal/repository/postgres/pvz.go:179.2,180.27 2 0
final/internal/repository/postgres/pvz.go:180.27,182.3 1 0
final/internal/repository/postgres/pvz.go:184.2,184.20 1 0
final/internal/repository/postgres/reception.go:16.63,18.2 1 0
final/internal/repository/postgres/reception.go:20.124,22.16 2 0
final/internal/repository/postgres/reception.go:22.16,25.3 2 0
final/internal/repository/postgres/reception.go:26.2,26.15 1 0
final/internal/repository/postgres/reception.go:26.15,27.17 1 0
final/internal/repository/postgres/reception.go:27.17,28.56 1 0
final/internal/repository/postgres/reception.go:28.56,30.5 1 0
final/internal/repository/postgres/reception.go:31.9,33.24 2 0
final/internal/repository/postgres/reception.go:33.24,35.5 1 0
final/internal/repository/postgres/reception.go:39.2,40.24 2 0
final/internal/repository/postgres/reception.go:40.24,42.3 1 0
final/internal/repository/postgres/reception.go:42.8,42.23 1 0
final/internal/repository/postgres/reception.go:42.23,44.3 1 0
final/internal/repository/postgres/reception.go:46.2,52.16 4 0
final/internal/repository/postgres/reception.go:52.16,55.3 2 0
final/internal/repository/postgres/reception.go:56.2,56.23 1 0
final/internal/repository/postgres/reception.go:59.134,64.16 4 0
final/internal/repository/postgres/reception.go:64.16,65.36 1 0
final/internal/repository/postgres/reception.go:65.36,67.4 1 0
final/internal/repository/postgres/reception.go:68.3,69.18 2 0
final/internal/repository/postgres/reception.go:71.2,71.26 1 0
final/internal/repository/postgres/reception.go:74.119,79.16 4 0
final/internal/repository/postgres/reception.go:79.16,80.36 1 0
final/internal/repository/postgres/reception.go:80.36,82.4 1 0
final/internal/repository/postgres/reception.go:83.3,84.18 2 0
final/internal/repository/postgres/reception.go:86.2,86.26 1 0
final/internal/repository/postgres/reception.go:89.109,91.16 2 0
final/internal/repository/postgres/reception.go:91.16,93.3 1 0
final/internal/repository/postgres/reception.go:93.8,93.31 1 0
final/internal/repository/postgres/reception.go:93.31,95.3 1 0
final/internal/repository/postgres/reception.go:97.2,104.16 4 0
final/internal/repository/postgres/reception.go:104.16,107.3 2 0
final/internal/repository/postgres/reception.go:108.2,108.24 1 0
final/internal/repository/postgres/user.go:14.53,16.2 1 0
final/internal/repository/postgres/user.go:18.97,20.41 2 0
final/internal/repository/postgres/user.go:20.41,22.3 1 0
final/internal/repository/postgres/user.go:22.8,22.34 1 0
final/internal/repository/postgres/user.go:22.34,24.3 1 0
final/internal/repository/postgres/user.go:26.2,31.16 4 0
final/internal/repository/postgres/user.go:31.16,34.3 2 0
final/internal/repository/postgres/user.go:35.2,35.18 1 0
final/internal/repository/postgres/user.go:38.98,44.16 5 0
final/internal/repository/postgres/user.go:44.16,47.3 2 0
final/internal/repository/postgres/user.go:48.2,48.19 1 0
final/internal/usecase/usecase.go:18.61,25.2 1 0
final/internal/usecase/implementation/productUsecase.go:13.88,15.2 1 0
final/internal/usecase/implementation/productUsecase.go:17.122,19.16 2 0
final/internal/usecase/implementation/productUsecase.go:19.16,21.3 1 0
final/internal/usecase/implementation/productUsecase.go:22.2,22.31 1 0
final/internal/usecase/implementation/productUsecase.go:22.31,24.3 1 0
final/internal/usecase/implementation/productUsecase.go:25.2,25.62 1 0
final/internal/usecase/implementation/productUsecase.go:28.93,29.34 1 0
final/internal/usecase/implementation/productUsecase.go:29.34,31.3 1 0
final/internal/usecase/implementation/productUsecase.go:32.2,32.65 1 0
final/internal/usecase/implementation/productUsecase.go:35.45,36.24 1 0
final/internal/usecase/implementation/productUsecase.go:36.24,38.3 1 0
final/internal/usecase/implementation/productUsecase.go:39.2,45.9 3 0
final/internal/usecase/implementation/productUsecase.go:45.9,47.3 1 0
final/internal/usecase/implementation/productUsecase.go:48.2,48.12 1 0
final/internal/usecase/implementation/pvzUsecase.go:16.72,18.2 1 0
final/internal/usecase/implementation/pvzUsecase.go:20.92,22.16 2 0
final/internal/usecase/implementation/pvzUsecase.go:22.16,24.3 1 0
final/internal/usecase/implementation/pvzUsecase.go:25.2,25.45 1 0
final/internal/usecase/implementation/pvzUsecase.go:28.143,30.24 2 0
final/internal/usecase/implementation/pvzUsecase.go:30.24,32.17 2 0
final/internal/usecase/implementation/pvzUsecase.go:32.17,35.4 2 0
final/internal/usecase/implementation/pvzUsecase.go:36.3,36.29 1 0
final/internal/usecase/implementation/pvzUsecase.go:39.2,39.22 1 0
final/internal/usecase/implementation/pvzUsecase.go:39.22,41.17 2 0
final/internal/usecase/implementation/pvzUsecase.go:41.17,44.4 2 0
final/internal/usecase/implementation/pvzUsecase.go:45.3,45.25 1 0
final/internal/usecase/implementation/pvzUsecase.go:48.2,49.19 2 0
final/internal/usecase/implementation/pvzUsecase.go:49.19,51.17 2 0
final/internal/usecase/implementation/pvzUsecase.go:51.17,54.4 2 0
final/internal/usecase/implementation/pvzUsecase.go:55.3,55.13 1 0
final/internal/usecase/implementation/pvzUsecase.go:58.2,59.20 2 0
final/internal/usecase/implementation/pvzUsecase.go:59.20,61.17 2 0
final/internal/usecase/implementation/pvzUsecase.go:61.17,64.4 2 0
final/internal/usecase/implementation/pvzUsecase.go:65.3,65.14 1 0
final/internal/usecase/implementation/pvzUsecase.go:68.2,71.16 3 0
final/internal/usecase/implementation/pvzUsecase.go:71.16,73.3 1 0
final/internal/usecase/implementation/pvzUsecase.go:74.2,74.21 1 0
final/internal/usecase/implementation/pvzUsecase.go:77.38,78.17 1 0
final/internal/usecase/implementation/pvzUsecase.go:78.17,80.3 1 0
final/internal/usecase/implementation/pvzUsecase.go:81.2,87.9 3 0
final/internal/usecase/implementation/pvzUsecase.go:87.9,89.3 1 0
final/internal/usecase/implementation/pvzUsecase.go:90.2,90.12 1 0
final/internal/usecase/implementation/receptionUsecase.go:13.96,15.2 1 0
final/internal/usecase/implementation/receptionUsecase.go:17.122,18.28 1 0
final/internal/usecase/implementation/receptionUsecase.go:18.28,20.3 1 0
final/internal/usecase/implementation/receptionUsecase.go:21.2,21.63 1 0
final/internal/usecase/implementation/receptionUsecase.go:24.107,25.34 1 0
final/internal/usecase/implementation/receptionUsecase.go:25.34,27.3 1 0
final/internal/usecase/implementation/receptionUsecase.go:28.2,28.58 1 0
final/internal/usecase/implementation/userUsecase.go:15.76,17.2 1 0
final/internal/usecase/implementation/userUsecase.go:19.105,20.31 1 0
final/internal/usecase/implementation/userUsecase.go:20.31,22.3 1 0
final/internal/usecase/implementation/userUsecase.go:24.2,26.16 3 0
final/internal/usecase/implementation/userUsecase.go:26.16,29.3 2 0
final/internal/usecase/implementation/userUsecase.go:31.2,36.46 3 0
final/internal/usecase/implementation/userUsecase.go:39.49,40.47 1 0
final/internal/usecase/implementation/userUsecase.go:40.47,42.3 1 0
final/internal/usecase/implementation/userUsecase.go:43.2,43.13 1 0
final/internal/usecase/implementation/userUsecase.go:46.102,47.31 1 0
final/internal/usecase/implementation/userUsecase.go:47.31,49.3 1 0
final/internal/usecase/implementation/userUsecase.go:51.2,52.16 2 0
final/internal/usecase/implementation/userUsecase.go:52.16,54.3 1 0
final/internal/usecase/implementation/userUsecase.go:54.8,54.24 1 0
final/internal/usecase/implementation/userUsecase.go:54.24,56.3 1 0
final/internal/usecase/implementation/userUsecase.go:58.2,58.106 1 0
final/internal/usecase/implementation/userUsecase.go:58.106,61.3 2 0
final/internal/usecase/implementation/userUsecase.go:62.2,62.18 1 0
final/internal/usecase/mocks/mock.go:27.65,31.2 3 0
final/internal/usecase/mocks/mock.go:34.63,36.2 1 0
final/internal/usecase/mocks/mock.go:39.97,45.2 5 0
final/internal/usecase/mocks/mock.go:48.86,51.2 2 0
final/internal/usecase/mocks/mock.go:54.126,60.2 5 0
final/internal/usecase/mocks/mock.go:63.105,66.2 2 0
final/internal/usecase/mocks/mock.go:80.77,84.2 3 0
final/internal/usecase/mocks/mock.go:87.75,89.2 1 0
final/internal/usecase/mocks/mock.go:92.110,98.2 5 0
final/internal/usecase/mocks/mock.go:101.97,104.2 2 0
final/internal/usecase/mocks/mock.go:107.121,113.2 5 0
final/internal/usecase/mocks/mock.go:116.98,119.2 2 0
final/internal/usecase/mocks/mock.go:133.73,137.2 3 0
final/internal/usecase/mocks/mock.go:140.71,142.2 1 0
final/internal/usecase/mocks/mock.go:145.118,151.2 5 0
final/internal/usecase/mocks/mock.go:154.94,157.2 2 0
final/internal/usecase/mocks/mock.go:160.96,165.2 4 0
final/internal/usecase/mocks/mock.go:168.104,171.2 2 0
final/internal/usecase/mocks/mock.go:185.67,189.2 3 0
final/internal/usecase/mocks/mock.go:192.65,194.2 1 0
final/internal/usecase/mocks/mock.go:197.101,203.2 5 0
final/internal/usecase/mocks/mock.go:206.83,209.2 2 0
final/internal/usecase/mocks/mock.go:212.104,218.2 5 0
final/internal/usecase/mocks/mock.go:221.86,224.2 2 0
final/internal/usecase/mocks/mock.go:27.65,31.2 3 0
final/internal/usecase/mocks/mock.go:34.63,36.2 1 0
final/internal/usecase/mocks/mock.go:39.97,45.2 5 0
final/internal/usecase/mocks/mock.go:48.86,51.2 2 0
final/internal/usecase/mocks/mock.go:54.126,60.2 5 0
final/internal/usecase/mocks/mock.go:63.105,66.2 2 0
final/internal/usecase/mocks/mock.go:80.77,84.2 3 0
final/internal/usecase/mocks/mock.go:87.75,89.2 1 0
final/internal/usecase/mocks/mock.go:92.110,98.2 5 0
final/internal/usecase/mocks/mock.go:101.97,104.2 2 0
final/internal/usecase/mocks/mock.go:107.121,113.2 5 0
final/internal/usecase/mocks/mock.go:116.98,119.2 2 0
final/internal/usecase/mocks/mock.go:133.73,137.2 3 0
final/internal/usecase/mocks/mock.go:140.71,142.2 1 0
final/internal/usecase/mocks/mock.go:145.118,151.2 5 0
final/internal/usecase/mocks/mock.go:154.94,157.2 2 0
final/internal/usecase/mocks/mock.go:160.96,165.2 4 0
final/internal/usecase/mocks/mock.go:168.104,171.2 2 0
final/internal/usecase/mocks/mock.go:185.67,189.2 3 0
final/internal/usecase/mocks/mock.go:192.65,194.2 1 0
final/internal/usecase/mocks/mock.go:197.101,203.2 5 0
final/internal/usecase/mocks/mock.go:206.83,209.2 2 0
final/internal/usecase/mocks/mock.go:212.104,218.2 5 0
final/internal/usecase/mocks/mock.go:221.86,224.2 2 0
final/cmd/main.go:28.13,31.40 2 0
final/cmd/main.go:31.40,33.3 1 0
final/cmd/main.go:34.2,37.16 3 0
final/cmd/main.go:37.16,39.3 1 0
final/cmd/main.go:40.2,42.16 3 0
final/cmd/main.go:42.16,44.3 1 0
final/cmd/main.go:46.2,55.12 6 0
final/cmd/main.go:55.12,57.86 2 0
final/cmd/main.go:57.86,59.4 1 0
final/cmd/main.go:62.2,62.12 1 0
final/cmd/main.go:62.12,64.21 2 0
final/cmd/main.go:64.21,66.4 1 0
final/cmd/main.go:67.3,68.21 2 0
final/cmd/main.go:68.21,70.4 1 0
final/cmd/main.go:72.3,79.63 7 0
final/cmd/main.go:79.63,81.4 1 0
final/cmd/main.go:84.2,84.12 1 0
final/cmd/main.go:84.12,87.24 3 0
final/cmd/main.go:87.24,89.4 1 0
final/cmd/main.go:91.3,92.24 2 0
final/cmd/main.go:92.24,94.4 1 0
final/cmd/main.go:95.3,95.68 1 0
final/cmd/main.go:98.2,106.41 7 0
final/cmd/main.go:106.41,108.3 1 0
final/cmd/main.go:110.2,110.9 1 0
final/cmd/main.go:111.20,112.36 1 0
final/cmd/main.go:114.2,114.28 1 0
final/internal/controller/handler.go:16.51,18.2 1 1
final/internal/controller/handler.go:20.41,38.38 12 1
final/internal/controller/handler.go:38.38,41.3 1 1
final/internal/controller/handler.go:42.2,42.15 1 1
final/internal/controller/handler.go:45.45,48.41 3 1
final/internal/controller/handler.go:48.41,51.3 2 1
final/internal/controller/handler.go:53.2,54.16 2 1
final/internal/controller/handler.go:54.16,57.3 2 1
final/internal/controller/handler.go:58.2,59.26 2 1
final/internal/controller/handler.go:62.51,65.47 3 1
final/internal/controller/handler.go:65.47,68.3 2 1
final/internal/controller/handler.go:70.2,71.16 2 1
final/internal/controller/handler.go:71.16,74.3 2 1
final/internal/controller/handler.go:75.2,76.33 2 1
final/internal/controller/handler.go:79.54,84.16 4 1
final/internal/controller/handler.go:84.16,87.3 2 1
final/internal/controller/handler.go:88.2,88.34 1 1
final/internal/controller/handler.go:91.49,94.50 3 1
final/internal/controller/handler.go:94.50,97.3 2 1
final/internal/controller/handler.go:99.2,100.16 2 1
final/internal/controller/handler.go:100.16,103.3 2 1
final/internal/controller/handler.go:104.2,105.29 2 1
final/internal/controller/handler.go:108.59,112.16 3 1
final/internal/controller/handler.go:112.16,116.3 3 1
final/internal/controller/handler.go:117.2,117.25 1 1
final/internal/controller/handler.go:120.46,127.16 6 1
final/internal/controller/handler.go:127.16,131.3 3 0
final/internal/controller/handler.go:132.2,133.32 2 1
final/internal/controller/handler.go:136.46,139.42 3 1
final/internal/controller/handler.go:139.42,142.3 2 1
final/internal/controller/handler.go:144.2,144.40 1 1
final/internal/controller/handler.go:144.40,147.3 2 1
final/internal/controller/handler.go:149.2,150.16 2 1
final/internal/controller/handler.go:150.16,153.3 2 0
final/internal/controller/handler.go:154.2,154.30 1 1
final/internal/controller/handler.go:157.44,160.47 3 1
final/internal/controller/handler.go:160.47,163.3 2 1
final/internal/controller/handler.go:165.2,165.45 1 1
final/internal/controller/handler.go:165.45,168.3 2 1
final/internal/controller/handler.go:170.2,171.16 2 1
final/internal/controller/handler.go:171.16,174.3 2 1
final/internal/controller/handler.go:175.2,175.34 1 1
final/internal/controller/handler.go:178.41,181.47 3 1
final/internal/controller/handler.go:181.47,184.3 2 1
final/internal/controller/handler.go:186.2,187.16 2 1
final/internal/controller/handler.go:187.16,190.3 2 1
final/internal/controller/handler.go:192.2,193.16 2 1
final/internal/controller/handler.go:193.16,196.3 2 0
final/internal/controller/handler.go:197.2,197.30 1 1
final/internal/database/postgres.go:20.81,40.34 13 0
final/internal/database/postgres.go:40.34,42.17 2 0
final/internal/database/postgres.go:42.17,43.9 1 0
final/internal/database/postgres.go:45.3,46.25 2 0
final/internal/database/postgres.go:48.2,48.29 1 0
final/internal/database/postgres.go:48.29,50.3 1 0
final/internal/database/postgres.go:52.2,58.20 6 0
final/internal/database/postgres.go:61.39,63.53 2 0
final/internal/database/postgres.go:63.53,65.3 1 0
final/internal/database/postgres.go:67.2,68.28 2 0
final/internal/database/postgres.go:68.28,70.3 1 0
final/internal/database/postgres.go:71.2,71.69 1 0
final/internal/database/postgres.go:71.69,73.3 1 0
final/internal/database/postgres.go:76.46,78.2 1 0
final/internal/logger/logger.go:5.19,8.2 2 0
final/internal/metrics/config.go:51.13,57.2 5 0
final/internal/metrics/config.go:59.45,60.30 1 1
final/internal/metrics/config.go:60.30,67.21 6 1
final/internal/metrics/config.go:67.21,69.4 1 1
final/internal/metrics/config.go:71.3,72.81 2 1
final/internal/metrics/config.go:76.39,78.30 2 0
final/internal/metrics/config.go:78.30,80.3 1 0
final/internal/midleware/auth.go:17.33,19.18 2 1
final/internal/midleware/auth.go:19.18,21.3 1 0
final/internal/midleware/auth.go:22.2,25.22 3 1
final/internal/midleware/auth.go:25.22,27.3 1 0
final/internal/midleware/auth.go:28.2,29.16 2 1
final/internal/midleware/auth.go:29.16,31.3 1 0
final/internal/midleware/auth.go:31.8,31.21 1 1
final/internal/midleware/auth.go:31.21,33.3 1 0
final/internal/midleware/auth.go:34.2,36.12 2 1
final/internal/midleware/auth.go:39.35,40.30 1 1
final/internal/midleware/auth.go:40.30,42.46 2 1
final/internal/midleware/auth.go:42.46,45.4 2 1
final/internal/midleware/auth.go:46.3,48.81 2 0
final/internal/midleware/auth.go:48.81,49.59 1 0
final/internal/midleware/auth.go:49.59,51.5 1 0
final/internal/midleware/auth.go:52.4,52.25 1 0
final/internal/midleware/auth.go:55.3,55.33 1 0
final/internal/midleware/auth.go:55.33,58.4 2 0
final/internal/midleware/auth.go:60.3,61.10 2 0
final/internal/midleware/auth.go:61.10,64.4 2 0
final/internal/midleware/auth.go:66.3,68.11 3 0
final/internal/midleware/auth.go:77.35,78.17 1 1
final/internal/midleware/auth.go:78.17,80.3 1 1
final/internal/midleware/auth.go:81.2,82.11 2 1
final/internal/midleware/auth.go:85.58,86.30 1 1
final/internal/midleware/auth.go:86.30,88.34 2 0
final/internal/midleware/auth.go:88.34,89.17 1 0
final/internal/midleware/auth.go:89.17,92.5 2 0
final/internal/midleware/auth.go:94.3,95.12 2 0
final/internal/midleware/auth.go:99.55,108.16 4 1
final/internal/midleware/auth.go:108.16,111.3 2 0
final/internal/midleware/auth.go:112.2,112.25 1 1
final/internal/repository/repository.go:20.45,28.2 2 0
final/internal/repository/mocks/mock.go:28.71,32.2 3 0
final/internal/repository/mocks/mock.go:35.69,37.2 1 0
final/internal/repository/mocks/mock.go:40.100,46.2 5 0
final/internal/repository/mocks/mock.go:49.89,52.2 2 0
final/internal/repository/mocks/mock.go:55.84,61.2 5 0
final/internal/repository/mocks/mock.go:64.83,67.2 2 0
final/internal/repository/mocks/mock.go:70.137,76.2 5 0
final/internal/repository/mocks/mock.go:79.108,82.2 2 0
final/internal/repository/mocks/mock.go:96.83,100.2 3 0
final/internal/repository/mocks/mock.go:103.81,105.2 1 0
final/internal/repository/mocks/mock.go:108.113,114.2 5 0
final/internal/repository/mocks/mock.go:117.100,120.2 2 0
final/internal/repository/mocks/mock.go:123.124,129.2 5 0
final/internal/repository/mocks/mock.go:132.101,135.2 2 0
final/internal/repository/mocks/mock.go:149.79,153.2 3 0
final/internal/repository/mocks/mock.go:156.77,158.2 1 0
final/internal/repository/mocks/mock.go:161.121,167.2 5 0
final/internal/repository/mocks/mock.go:170.97,173.2 2 0
final/internal/repository/mocks/mock.go:176.99,181.2 4 0
final/internal/repository/mocks/mock.go:184.107,187.2 2 0
final/internal/repository/mocks/mock.go:201.73,205.2 3 0
final/internal/repository/mocks/mock.go:208.71,210.2 1 0
final/internal/repository/mocks/mock.go:213.102,219.2 5 0
final/internal/repository/mocks/mock.go:222.95,225.2 2 0
final/internal/repository/mocks/mock.go:228.102,234.2 5 0
final/internal/repository/mocks/mock.go:237.89,240.2 2 0
final/internal/repository/postgres/product.go:15.101,17.2 1 0
final/internal/repository/postgres/product.go:19.124,21.16 2 0
final/internal/repository/postgres/product.go:21.16,24.3 2 0
final/internal/repository/postgres/product.go:25.2,25.15 1 0
final/internal/repository/postgres/product.go:25.15,26.17 1 0
final/internal/repository/postgres/product.go:26.17,27.56 1 0
final/internal/repository/postgres/product.go:27.56,29.5 1 0
final/internal/repository/postgres/product.go:30.9,32.24 2 0
final/internal/repository/postgres/product.go:32.24,34.5 1 0
final/internal/repository/postgres/product.go:38.2,39.16 2 0
final/internal/repository/postgres/product.go:39.16,41.3 1 0
final/internal/repository/postgres/product.go:41.8,41.31 1 0
final/internal/repository/postgres/product.go:41.31,43.3 1 0
final/internal/repository/postgres/product.go:45.2,54.16 7 0
final/internal/repository/postgres/product.go:54.16,57.3 2 0
final/internal/repository/postgres/product.go:58.2,58.22 1 0
final/internal/repository/postgres/product.go:61.95,63.16 2 0
final/internal/repository/postgres/product.go:63.16,66.3 2 0
final/internal/repository/postgres/product.go:67.2,67.15 1 0
final/internal/repository/postgres/product.go:67.15,68.17 1 0
final/internal/repository/postgres/product.go:68.17,69.56 1 0
final/internal/repository/postgres/product.go:69.56,71.5 1 0
final/internal/repository/postgres/product.go:72.9,74.24 2 0
final/internal/repository/postgres/product.go:74.24,76.5 1 0
final/internal/repository/postgres/product.go:80.2,81.16 2 0
final/internal/repository/postgres/product.go:81.16,83.3 1 0
final/internal/repository/postgres/product.go:83.8,83.31 1 0
final/internal/repository/postgres/product.go:83.31,85.3 1 0
final/internal/repository/postgres/product.go:87.2,88.16 2 0
final/internal/repository/postgres/product.go:88.16,90.3 1 0
final/internal/repository/postgres/product.go:90.8,90.30 1 0
final/internal/repository/postgres/product.go:90.30,92.3 1 0
final/internal/repository/postgres/product.go:94.2,104.16 3 0
final/internal/repository/postgres/product.go:104.16,107.3 2 0
final/internal/repository/postgres/product.go:108.2,108.12 1 0
final/internal/repository/postgres/product.go:111.131,115.16 4 0
final/internal/repository/postgres/product.go:115.16,118.3 2 0
final/internal/repository/postgres/product.go:119.2,119.26 1 0
final/internal/repository/postgres/pvz.go:17.51,19.2 1 0
final/internal/repository/postgres/pvz.go:21.94,27.65 3 0
final/internal/repository/postgres/pvz.go:27.65,30.3 2 0
final/internal/repository/postgres/pvz.go:31.2,31.17 1 0
final/internal/repository/postgres/pvz.go:34.79,38.16 3 0
final/internal/repository/postgres/pvz.go:38.16,41.3 2 0
final/internal/repository/postgres/pvz.go:42.2,42.29 1 0
final/internal/repository/postgres/pvz.go:42.29,44.17 2 0
final/internal/repository/postgres/pvz.go:44.17,46.4 1 0
final/internal/repository/postgres/pvz.go:49.2,50.18 2 0
final/internal/repository/postgres/pvz.go:50.18,53.17 3 0
final/internal/repository/postgres/pvz.go:53.17,56.4 2 0
final/internal/repository/postgres/pvz.go:57.3,57.32 1 0
final/internal/repository/postgres/pvz.go:60.2,60.20 1 0
final/internal/repository/postgres/pvz.go:63.143,76.22 3 0
final/internal/repository/postgres/pvz.go:76.22,78.3 1 0
final/internal/repository/postgres/pvz.go:79.2,79.20 1 0
final/internal/repository/postgres/pvz.go:79.20,81.3 1 0
final/internal/repository/postgres/pvz.go:83.2,88.16 3 0
final/internal/repository/postgres/pvz.go:88.16,91.3 2 0
final/internal/repository/postgres/pvz.go:93.2,94.16 2 0
final/internal/repository/postgres/pvz.go:94.16,97.3 2 0
final/internal/repository/postgres/pvz.go:98.2,98.29 1 0
final/internal/repository/postgres/pvz.go:98.29,100.17 2 0
final/internal/repository/postgres/pvz.go:100.17,102.4 1 0
final/internal/repository/postgres/pvz.go:105.2,106.18 2 0
final/internal/repository/postgres/pvz.go:106.18,120.17 3 0
final/internal/repository/postgres/pvz.go:120.17,123.4 2 0
final/internal/repository/postgres/pvz.go:125.3,126.31 2 0
final/internal/repository/postgres/pvz.go:126.31,135.4 1 0
final/internal/repository/postgres/pvz.go:137.3,137.24 1 0
final/internal/repository/postgres/pvz.go:137.24,141.41 3 0
final/internal/repository/postgres/pvz.go:141.41,142.66 1 0
final/internal/repository/postgres/pvz.go:142.66,144.25 2 0
final/internal/repository/postgres/pvz.go:144.25,151.7 1 0
final/internal/repository/postgres/pvz.go:152.6,152.11 1 0
final/internal/repository/postgres/pvz.go:156.4,156.24 1 0
final/internal/repository/postgres/pvz.go:156.24,166.24 2 0
final/internal/repository/postgres/pvz.go:166.24,173.6 1 0
final/internal/repository/postgres/pvz.go:174.5,174.72 1 0
final/internal/repository/postgres/pvz.go:179.2,180.27 2 0
final/internal/repository/postgres/pvz.go:180.27,182.3 1 0
final/internal/repository/postgres/pvz.go:184.2,184.20 1 0
final/internal/repository/postgres/reception.go:16.63,18.2 1 0
final/internal/repository/postgres/reception.go:20.124,22.16 2 0
final/internal/repository/postgres/reception.go:22.16,25.3 2 0
final/internal/repository/postgres/reception.go:26.2,26.15 1 0
final/internal/repository/postgres/reception.go:26.15,27.17 1 0
final/internal/repository/postgres/reception.go:27.17,28.56 1 0
final/internal/repository/postgres/reception.go:28.56,30.5 1 0
final/internal/repository/postgres/reception.go:31.9,33.24 2 0
final/internal/repository/postgres/reception.go:33.24,35.5 1 0
final/internal/repository/postgres/reception.go:39.2,40.24 2 0
final/internal/repository/postgres/reception.go:40.24,42.3 1 0
final/internal/repository/postgres/reception.go:42.8,42.23 1 0
final/internal/repository/postgres/reception.go:42.23,44.3 1 0
final/internal/repository/postgres/reception.go:46.2,52.16 4 0
final/internal/repository/postgres/reception.go:52.16,55.3 2 0
final/internal/repository/postgres/reception.go:56.2,56.23 1 0
final/internal/repository/postgres/reception.go:59.134,64.16 4 0
final/internal/repository/postgres/reception.go:64.16,65.36 1 0
final/internal/repository/postgres/reception.go:65.36,67.4 1 0
final/internal/repository/postgres/reception.go:68.3,69.18 2 0
final/internal/repository/postgres/reception.go:71.2,71.26 1 0
final/internal/repository/postgres/reception.go:74.119,79.16 4 0
final/internal/repository/postgres/reception.go:79.16,80.36 1 0
final/internal/repository/postgres/reception.go:80.36,82.4 1 0
final/internal/repository/postgres/reception.go:83.3,84.18 2 0
final/internal/repository/postgres/reception.go:86.2,86.26 1 0
final/internal/repository/postgres/reception.go:89.109,91.16 2 0
final/internal/repository/postgres/reception.go:91.16,93.3 1 0
final/internal/repository/postgres/reception.go:93.8,93.31 1 0
final/internal/repository/postgres/reception.go:93.31,95.3 1 0
final/internal/repository/postgres/reception.go:97.2,104.16 4 0
final/internal/repository/postgres/reception.go:104.16,107.3 2 0
final/internal/repository/postgres/reception.go:108.2,108.24 1 0
final/internal/repository/postgres/user.go:14.53,16.2 1 0
final/internal/repository/postgres/user.go:18.97,20.41 2 0
final/internal/repository/postgres/user.go:20.41,22.3 1 0
final/internal/repository/postgres/user.go:22.8,22.34 1 0
final/internal/repository/postgres/user.go:22.34,24.3 1 0
final/internal/repository/postgres/user.go:26.2,31.16 4 0
final/internal/repository/postgres/user.go:31.16,34.3 2 0
final/internal/repository/postgres/user.go:35.2,35.18 1 0
final/internal/repository/postgres/user.go:38.98,44.16 5 0
final/internal/repository/postgres/user.go:44.16,47.3 2 0
final/internal/repository/postgres/user.go:48.2,48.19 1 0
final/internal/usecase/usecase.go:18.61,25.2 1 0
final/internal/usecase/implementation/productUsecase.go:13.88,15.2 1 0
final/internal/usecase/implementation/productUsecase.go:17.122,19.16 2 0
final/internal/usecase/implementation/productUsecase.go:19.16,21.3 1 0
final/internal/usecase/implementation/productUsecase.go:22.2,22.31 1 0
final/internal/usecase/implementation/productUsecase.go:22.31,24.3 1 0
final/internal/usecase/implementation/productUsecase.go:25.2,25.62 1 0
final/internal/usecase/implementation/productUsecase.go:28.93,29.34 1 0
final/internal/usecase/implementation/productUsecase.go:29.34,31.3 1 0
final/internal/usecase/implementation/productUsecase.go:32.2,32.65 1 0
final/internal/usecase/implementation/productUsecase.go:35.45,36.24 1 0
final/internal/usecase/implementation/productUsecase.go:36.24,38.3 1 0
final/internal/usecase/implementation/productUsecase.go:39.2,45.9 3 0
final/internal/usecase/implementation/productUsecase.go:45.9,47.3 1 0
final/internal/usecase/implementation/productUsecase.go:48.2,48.12 1 0
final/internal/usecase/implementation/pvzUsecase.go:16.72,18.2 1 0
final/internal/usecase/implementation/pvzUsecase.go:20.92,22.16 2 0
final/internal/usecase/implementation/pvzUsecase.go:22.16,24.3 1 0
final/internal/usecase/implementation/pvzUsecase.go:25.2,25.45 1 0
final/internal/usecase/implementation/pvzUsecase.go:28.143,30.24 2 0
final/internal/usecase/implementation/pvzUsecase.go:30.24,32.17 2 0
final/internal/usecase/implementation/pvzUsecase.go:32.17,35.4 2 0
final/internal/usecase/implementation/pvzUsecase.go:36.3,36.29 1 0
final/internal/usecase/implementation/pvzUsecase.go:39.2,39.22 1 0
final/internal/usecase/implementation/pvzUsecase.go:39.22,41.17 2 0
final/internal/usecase/implementation/pvzUsecase.go:41.17,44.4 2 0
final/internal/usecase/implementation/pvzUsecase.go:45.3,45.25 1 0
final/internal/usecase/implementation/pvzUsecase.go:48.2,49.19 2 0
final/internal/usecase/implementation/pvzUsecase.go:49.19,51.17 2 0
final/internal/usecase/implementation/pvzUsecase.go:51.17,54.4 2 0
final/internal/usecase/implementation/pvzUsecase.go:55.3,55.13 1 0
final/internal/usecase/implementation/pvzUsecase.go:58.2,59.20 2 0
final/internal/usecase/implementation/pvzUsecase.go:59.20,61.17 2 0
final/internal/usecase/implementation/pvzUsecase.go:61.17,64.4 2 0
final/internal/usecase/implementation/pvzUsecase.go:65.3,65.14 1 0
final/internal/usecase/implementation/pvzUsecase.go:68.2,71.16 3 0
final/internal/usecase/implementation/pvzUsecase.go:71.16,73.3 1 0
final/internal/usecase/implementation/pvzUsecase.go:74.2,74.21 1 0
final/internal/usecase/implementation/pvzUsecase.go:77.38,78.17 1 0
final/internal/usecase/implementation/pvzUsecase.go:78.17,80.3 1 0
final/internal/usecase/implementation/pvzUsecase.go:81.2,87.9 3 0
final/internal/usecase/implementation/pvzUsecase.go:87.9,89.3 1 0
final/internal/usecase/implementation/pvzUsecase.go:90.2,90.12 1 0
final/internal/usecase/implementation/receptionUsecase.go:13.96,15.2 1 0
final/internal/usecase/implementation/receptionUsecase.go:17.122,18.28 1 0
final/internal/usecase/implementation/receptionUsecase.go:18.28,20.3 1 0
final/internal/usecase/implementation/receptionUsecase.go:21.2,21.63 1 0
final/internal/usecase/implementation/receptionUsecase.go:24.107,25.34 1 0
final/internal/usecase/implementation/receptionUsecase.go:25.34,27.3 1 0
final/internal/usecase/implementation/receptionUsecase.go:28.2,28.58 1 0
final/internal/usecase/implementation/userUsecase.go:15.76,17.2 1 0
final/internal/usecase/implementation/userUsecase.go:19.105,20.31 1 0
final/internal/usecase/implementation/userUsecase.go:20.31,22.3 1 0
final/internal/usecase/implementation/userUsecase.go:24.2,26.16 3 0
final/internal/usecase/implementation/userUsecase.go:26.16,29.3 2 0
final/internal/usecase/implementation/userUsecase.go:31.2,36.46 3 0
final/internal/usecase/implementation/userUsecase.go:39.49,40.47 1 0
final/internal/usecase/implementation/userUsecase.go:40.47,42.3 1 0
final/internal/usecase/implementation/userUsecase.go:43.2,43.13 1 0
final/internal/usecase/implementation/userUsecase.go:46.102,47.31 1 0
final/internal/usecase/implementation/userUsecase.go:47.31,49.3 1 0
final/internal/usecase/implementation/userUsecase.go:51.2,52.16 2 0
final/internal/usecase/implementation/userUsecase.go:52.16,54.3 1 0
final/internal/usecase/implementation/userUsecase.go:54.8,54.24 1 0
final/internal/usecase/implementation/userUsecase.go:54.24,56.3 1 0
final/internal/usecase/implementation/userUsecase.go:58.2,58.106 1 0
final/internal/usecase/implementation/userUsecase.go:58.106,61.3 2 0
final/internal/usecase/implementation/userUsecase.go:62.2,62.18 1 0
final/internal/usecase/mocks/mock.go:27.65,31.2 3 1
final/internal/usecase/mocks/mock.go:34.63,36.2 1 1
final/internal/usecase/mocks/mock.go:39.97,45.2 5 1
final/internal/usecase/mocks/mock.go:48.86,51.2 2 1
final/internal/usecase/mocks/mock.go:54.126,60.2 5 1
final/internal/usecase/mocks/mock.go:63.105,66.2 2 1
final/internal/usecase/mocks/mock.go:80.77,84.2 3 1
final/internal/usecase/mocks/mock.go:87.75,89.2 1 1
final/internal/usecase/mocks/mock.go:92.110,98.2 5 1
final/internal/usecase/mocks/mock.go:101.97,104.2 2 1
final/internal/usecase/mocks/mock.go:107.121,113.2 5 1
final/internal/usecase/mocks/mock.go:116.98,119.2 2 1
final/internal/usecase/mocks/mock.go:133.73,137.2 3 1
final/internal/usecase/mocks/mock.go:140.71,142.2 1 1
final/internal/usecase/mocks/mock.go:145.118,151.2 5 1
final/internal/usecase/mocks/mock.go:154.94,157.2 2 1
final/internal/usecase/mocks/mock.go:160.96,165.2 4 1
final/internal/usecase/mocks/mock.go:168.104,171.2 2 1
final/internal/usecase/mocks/mock.go:185.67,189.2 3 1
final/internal/usecase/mocks/mock.go:192.65,194.2 1 1
final/internal/usecase/mocks/mock.go:197.101,203.2 5 1
final/internal/usecase/mocks/mock.go:206.83,209.2 2 1
final/internal/usecase/mocks/mock.go:212.104,218.2 5 1
final/internal/usecase/mocks/mock.go:221.86,224.2 2 1
final/cmd/main.go:28.13,31.40 2 0
final/cmd/main.go:31.40,33.3 1 0
final/cmd/main.go:34.2,37.16 3 0
final/cmd/main.go:37.16,39.3 1 0
final/cmd/main.go:40.2,42.16 3 0
final/cmd/main.go:42.16,44.3 1 0
final/cmd/main.go:46.2,55.12 6 0
final/cmd/main.go:55.12,57.86 2 0
final/cmd/main.go:57.86,59.4 1 0
final/cmd/main.go:62.2,62.12 1 0
final/cmd/main.go:62.12,64.21 2 0
final/cmd/main.go:64.21,66.4 1 0
final/cmd/main.go:67.3,68.21 2 0
final/cmd/main.go:68.21,70.4 1 0
final/cmd/main.go:72.3,79.63 7 0
final/cmd/main.go:79.63,81.4 1 0
final/cmd/main.go:84.2,84.12 1 0
final/cmd/main.go:84.12,87.24 3 0
final/cmd/main.go:87.24,89.4 1 0
final/cmd/main.go:91.3,92.24 2 0
final/cmd/main.go:92.24,94.4 1 0
final/cmd/main.go:95.3,95.68 1 0
final/cmd/main.go:98.2,106.41 7 0
final/cmd/main.go:106.41,108.3 1 0
final/cmd/main.go:110.2,110.9 1 0
final/cmd/main.go:111.20,112.36 1 0
final/cmd/main.go:114.2,114.28 1 0
final/internal/controller/handler.go:16.51,18.2 1 0
final/internal/controller/handler.go:20.41,38.38 12 0
final/internal/controller/handler.go:38.38,41.3 1 0
final/internal/controller/handler.go:42.2,42.15 1 0
final/internal/controller/handler.go:45.45,48.41 3 0
final/internal/controller/handler.go:48.41,51.3 2 0
final/internal/controller/handler.go:53.2,54.16 2 0
final/internal/controller/handler.go:54.16,57.3 2 0
final/internal/controller/handler.go:58.2,59.26 2 0
final/internal/controller/handler.go:62.51,65.47 3 0
final/internal/controller/handler.go:65.47,68.3 2 0
final/internal/controller/handler.go:70.2,71.16 2 0
final/internal/controller/handler.go:71.16,74.3 2 0
final/internal/controller/handler.go:75.2,76.33 2 0
final/internal/controller/handler.go:79.54,84.16 4 0
final/internal/controller/handler.go:84.16,87.3 2 0
final/internal/controller/handler.go:88.2,88.34 1 0
final/internal/controller/handler.go:91.49,94.50 3 0
final/internal/controller/handler.go:94.50,97.3 2 0
final/internal/controller/handler.go:99.2,100.16 2 0
final/internal/controller/handler.go:100.16,103.3 2 0
final/internal/controller/handler.go:104.2,105.29 2 0
final/internal/controller/handler.go:108.59,112.16 3 0
final/internal/controller/handler.go:112.16,116.3 3 0
final/internal/controller/handler.go:117.2,117.25 1 0
final/internal/controller/handler.go:120.46,127.16 6 0
final/internal/controller/handler.go:127.16,131.3 3 0
final/internal/controller/handler.go:132.2,133.32 2 0
final/internal/controller/handler.go:136.46,139.42 3 0
final/internal/controller/handler.go:139.42,142.3 2 0
final/internal/controller/handler.go:144.2,144.40 1 0
final/internal/controller/handler.go:144.40,147.3 2 0
final/internal/controller/handler.go:149.2,150.16 2 0
final/internal/controller/handler.go:150.16,153.3 2 0
final/internal/controller/handler.go:154.2,154.30 1 0
final/internal/controller/handler.go:157.44,160.47 3 0
final/internal/controller/handler.go:160.47,163.3 2 0
final/internal/controller/handler.go:165.2,165.45 1 0
final/internal/controller/handler.go:165.45,168.3 2 0
final/internal/controller/handler.go:170.2,171.16 2 0
final/internal/controller/handler.go:171.16,174.3 2 0
final/internal/controller/handler.go:175.2,175.34 1 0
final/internal/controller/handler.go:178.41,181.47 3 0
final/internal/controller/handler.go:181.47,184.3 2 0
final/internal/controller/handler.go:186.2,187.16 2 0
final/internal/controller/handler.go:187.16,190.3 2 0
final/internal/controller/handler.go:192.2,193.16 2 0
final/internal/controller/handler.go:193.16,196.3 2 0
final/internal/controller/handler.go:197.2,197.30 1 0
final/internal/database/postgres.go:20.81,40.34 13 0
final/internal/database/postgres.go:40.34,42.17 2 0
final/internal/database/postgres.go:42.17,43.9 1 0
final/internal/database/postgres.go:45.3,46.25 2 0
final/internal/database/postgres.go:48.2,48.29 1 0
final/internal/database/postgres.go:48.29,50.3 1 0
final/internal/database/postgres.go:52.2,58.20 6 0
final/internal/database/postgres.go:61.39,63.53 2 0
final/internal/database/postgres.go:63.53,65.3 1 0
final/internal/database/postgres.go:67.2,68.28 2 0
final/internal/database/postgres.go:68.28,70.3 1 0
final/internal/database/postgres.go:71.2,71.69 1 0
final/internal/database/postgres.go:71.69,73.3 1 0
final/internal/database/postgres.go:76.46,78.2 1 1
final/internal/logger/logger.go:5.19,8.2 2 0
final/internal/metrics/config.go:51.13,57.2 5 0
final/internal/metrics/config.go:59.45,60.30 1 0
final/internal/metrics/config.go:60.30,67.21 6 0
final/internal/metrics/config.go:67.21,69.4 1 0
final/internal/metrics/config.go:71.3,72.81 2 0
final/internal/metrics/config.go:76.39,78.30 2 0
final/internal/metrics/config.go:78.30,80.3 1 0
final/internal/midleware/auth.go:17.33,19.18 2 0
final/internal/midleware/auth.go:19.18,21.3 1 0
final/internal/midleware/auth.go:22.2,25.22 3 0
final/internal/midleware/auth.go:25.22,27.3 1 0
final/internal/midleware/auth.go:28.2,29.16 2 0
final/internal/midleware/auth.go:29.16,31.3 1 0
final/internal/midleware/auth.go:31.8,31.21 1 0
final/internal/midleware/auth.go:31.21,33.3 1 0
final/internal/midleware/auth.go:34.2,36.12 2 0
final/internal/midleware/auth.go:39.35,40.30 1 0
final/internal/midleware/auth.go:40.30,42.46 2 0
final/internal/midleware/auth.go:42.46,45.4 2 0
final/internal/midleware/auth.go:46.3,48.81 2 0
final/internal/midleware/auth.go:48.81,49.59 1 0
final/internal/midleware/auth.go:49.59,51.5 1 0
final/internal/midleware/auth.go:52.4,52.25 1 0
final/internal/midleware/auth.go:55.3,55.33 1 0
final/internal/midleware/auth.go:55.33,58.4 2 0
final/internal/midleware/auth.go:60.3,61.10 2 0
final/internal/midleware/auth.go:61.10,64.4 2 0
final/internal/midleware/auth.go:66.3,68.11 3 0
final/internal/midleware/auth.go:77.35,78.17 1 0
final/internal/midleware/auth.go:78.17,80.3 1 0
final/internal/midleware/auth.go:81.2,82.11 2 0
final/internal/midleware/auth.go:85.58,86.30 1 0
final/internal/midleware/auth.go:86.30,88.34 2 0
final/internal/midleware/auth.go:88.34,89.17 1 0
final/internal/midleware/auth.go:89.17,92.5 2 0
final/internal/midleware/auth.go:94.3,95.12 2 0
final/internal/midleware/auth.go:99.55,108.16 4 0
final/internal/midleware/auth.go:108.16,111.3 2 0
final/internal/midleware/auth.go:112.2,112.25 1 0
final/internal/repository/repository.go:20.45,28.2 2 0
final/internal/repository/mocks/mock.go:28.71,32.2 3 0
final/internal/repository/mocks/mock.go:35.69,37.2 1 0
final/internal/repository/mocks/mock.go:40.100,46.2 5 0
final/internal/repository/mocks/mock.go:49.89,52.2 2 0
final/internal/repository/mocks/mock.go:55.84,61.2 5 0
final/internal/repository/mocks/mock.go:64.83,67.2 2 0
final/internal/repository/mocks/mock.go:70.137,76.2 5 0
final/internal/repository/mocks/mock.go:79.108,82.2 2 0
final/internal/repository/mocks/mock.go:96.83,100.2 3 0
final/internal/repository/mocks/mock.go:103.81,105.2 1 0
final/internal/repository/mocks/mock.go:108.113,114.2 5 0
final/internal/repository/mocks/mock.go:117.100,120.2 2 0
final/internal/repository/mocks/mock.go:123.124,129.2 5 0
final/internal/repository/mocks/mock.go:132.101,135.2 2 0
final/internal/repository/mocks/mock.go:149.79,153.2 3 0
final/internal/repository/mocks/mock.go:156.77,158.2 1 0
final/internal/repository/mocks/mock.go:161.121,167.2 5 0
final/internal/repository/mocks/mock.go:170.97,173.2 2 0
final/internal/repository/mocks/mock.go:176.99,181.2 4 0
final/internal/repository/mocks/mock.go:184.107,187.2 2 0
final/internal/repository/mocks/mock.go:201.73,205.2 3 0
final/internal/repository/mocks/mock.go:208.71,210.2 1 0
final/internal/repository/mocks/mock.go:213.102,219.2 5 0
final/internal/repository/mocks/mock.go:222.95,225.2 2 0
final/internal/repository/mocks/mock.go:228.102,234.2 5 0
final/internal/repository/mocks/mock.go:237.89,240.2 2 0
final/internal/repository/postgres/product.go:15.101,17.2 1 0
final/internal/repository/postgres/product.go:19.124,21.16 2 0
final/internal/repository/postgres/product.go:21.16,24.3 2 0
final/internal/repository/postgres/product.go:25.2,25.15 1 0
final/internal/repository/postgres/product.go:25.15,26.17 1 0
final/internal/repository/postgres/product.go:26.17,27.56 1 0
final/internal/repository/postgres/product.go:27.56,29.5 1 0
final/internal/repository/postgres/product.go:30.9,32.24 2 0
final/internal/repository/postgres/product.go:32.24,34.5 1 0
final/internal/repository/postgres/product.go:38.2,39.16 2 0
final/internal/repository/postgres/product.go:39.16,41.3 1 0
final/internal/repository/postgres/product.go:41.8,41.31 1 0
final/internal/repository/postgres/product.go:41.31,43.3 1 0
final/internal/repository/postgres/product.go:45.2,54.16 7 0
final/internal/repository/postgres/product.go:54.16,57.3 2 0
final/internal/repository/postgres/product.go:58.2,58.22 1 0
final/internal/repository/postgres/product.go:61.95,63.16 2 0
final/internal/repository/postgres/product.go:63.16,66.3 2 0
final/internal/repository/postgres/product.go:67.2,67.15 1 0
final/internal/repository/postgres/product.go:67.15,68.17 1 0
final/internal/repository/postgres/product.go:68.17,69.56 1 0
final/internal/repository/postgres/product.go:69.56,71.5 1 0
final/internal/repository/postgres/product.go:72.9,74.24 2 0
final/internal/repository/postgres/product.go:74.24,76.5 1 0
final/internal/repository/postgres/product.go:80.2,81.16 2 0
final/internal/repository/postgres/product.go:81.16,83.3 1 0
final/internal/repository/postgres/product.go:83.8,83.31 1 0
final/internal/repository/postgres/product.go:83.31,85.3 1 0
final/internal/repository/postgres/product.go:87.2,88.16 2 0
final/internal/repository/postgres/product.go:88.16,90.3 1 0
final/internal/repository/postgres/product.go:90.8,90.30 1 0
final/internal/repository/postgres/product.go:90.30,92.3 1 0
final/internal/repository/postgres/product.go:94.2,104.16 3 0
final/internal/repository/postgres/product.go:104.16,107.3 2 0
final/internal/repository/postgres/product.go:108.2,108.12 1 0
final/internal/repository/postgres/product.go:111.131,115.16 4 0
final/internal/repository/postgres/product.go:115.16,118.3 2 0
final/internal/repository/postgres/product.go:119.2,119.26 1 0
final/internal/repository/postgres/pvz.go:17.51,19.2 1 0
final/internal/repository/postgres/pvz.go:21.94,27.65 3 0
final/internal/repository/postgres/pvz.go:27.65,30.3 2 0
final/internal/repository/postgres/pvz.go:31.2,31.17 1 0
final/internal/repository/postgres/pvz.go:34.79,38.16 3 0
final/internal/repository/postgres/pvz.go:38.16,41.3 2 0
final/internal/repository/postgres/pvz.go:42.2,42.29 1 0
final/internal/repository/postgres/pvz.go:42.29,44.17 2 0
final/internal/repository/postgres/pvz.go:44.17,46.4 1 0
final/internal/repository/postgres/pvz.go:49.2,50.18 2 0
final/internal/repository/postgres/pvz.go:50.18,53.17 3 0
final/internal/repository/postgres/pvz.go:53.17,56.4 2 0
final/internal/repository/postgres/pvz.go:57.3,57.32 1 0
final/internal/repository/postgres/pvz.go:60.2,60.20 1 0
final/internal/repository/postgres/pvz.go:63.143,76.22 3 0
final/internal/repository/postgres/pvz.go:76.22,78.3 1 0
final/internal/repository/postgres/pvz.go:79.2,79.20 1 0
final/internal/repository/postgres/pvz.go:79.20,81.3 1 0
final/internal/repository/postgres/pvz.go:83.2,88.16 3 0
final/internal/repository/postgres/pvz.go:88.16,91.3 2 0
final/internal/repository/postgres/pvz.go:93.2,94.16 2 0
final/internal/repository/postgres/pvz.go:94.16,97.3 2 0
final/internal/repository/postgres/pvz.go:98.2,98.29 1 0
final/internal/repository/postgres/pvz.go:98.29,100.17 2 0
final/internal/repository/postgres/pvz.go:100.17,102.4 1 0
final/internal/repository/postgres/pvz.go:105.2,106.18 2 0
final/internal/repository/postgres/pvz.go:106.18,120.17 3 0
final/internal/repository/postgres/pvz.go:120.17,123.4 2 0
final/internal/repository/postgres/pvz.go:125.3,126.31 2 0
final/internal/repository/postgres/pvz.go:126.31,135.4 1 0
final/internal/repository/postgres/pvz.go:137.3,137.24 1 0
final/internal/repository/postgres/pvz.go:137.24,141.41 3 0
final/internal/repository/postgres/pvz.go:141.41,142.66 1 0
final/internal/repository/postgres/pvz.go:142.66,144.25 2 0
final/internal/repository/postgres/pvz.go:144.25,151.7 1 0
final/internal/repository/postgres/pvz.go:152.6,152.11 1 0
final/internal/repository/postgres/pvz.go:156.4,156.24 1 0
final/internal/repository/postgres/pvz.go:156.24,166.24 2 0
final/internal/repository/postgres/pvz.go:166.24,173.6 1 0
final/internal/repository/postgres/pvz.go:174.5,174.72 1 0
final/internal/repository/postgres/pvz.go:179.2,180.27 2 0
final/internal/repository/postgres/pvz.go:180.27,182.3 1 0
final/internal/repository/postgres/pvz.go:184.2,184.20 1 0
final/internal/repository/postgres/reception.go:16.63,18.2 1 0
final/internal/repository/postgres/reception.go:20.124,22.16 2 0
final/internal/repository/postgres/reception.go:22.16,25.3 2 0
final/internal/repository/postgres/reception.go:26.2,26.15 1 0
final/internal/repository/postgres/reception.go:26.15,27.17 1 0
final/internal/repository/postgres/reception.go:27.17,28.56 1 0
final/internal/repository/postgres/reception.go:28.56,30.5 1 0
final/internal/repository/postgres/reception.go:31.9,33.24 2 0
final/internal/repository/postgres/reception.go:33.24,35.5 1 0
final/internal/repository/postgres/reception.go:39.2,40.24 2 0
final/internal/repository/postgres/reception.go:40.24,42.3 1 0
final/internal/repository/postgres/reception.go:42.8,42.23 1 0
final/internal/repository/postgres/reception.go:42.23,44.3 1 0
final/internal/repository/postgres/reception.go:46.2,52.16 4 0
final/internal/repository/postgres/reception.go:52.16,55.3 2 0
final/internal/repository/postgres/reception.go:56.2,56.23 1 0
final/internal/repository/postgres/reception.go:59.134,64.16 4 0
final/internal/repository/postgres/reception.go:64.16,65.36 1 0
final/internal/repository/postgres/reception.go:65.36,67.4 1 0
final/internal/repository/postgres/reception.go:68.3,69.18 2 0
final/internal/repository/postgres/reception.go:71.2,71.26 1 0
final/internal/repository/postgres/reception.go:74.119,79.16 4 0
final/internal/repository/postgres/reception.go:79.16,80.36 1 0
final/internal/repository/postgres/reception.go:80.36,82.4 1 0
final/internal/repository/postgres/reception.go:83.3,84.18 2 0
final/internal/repository/postgres/reception.go:86.2,86.26 1 0
final/internal/repository/postgres/reception.go:89.109,91.16 2 0
final/internal/repository/postgres/reception.go:91.16,93.3 1 0
final/internal/repository/postgres/reception.go:93.8,93.31 1 0
final/internal/repository/postgres/reception.go:93.31,95.3 1 0
final/internal/repository/postgres/reception.go:97.2,104.16 4 0
final/internal/repository/postgres/reception.go:104.16,107.3 2 0
final/internal/repository/postgres/reception.go:108.2,108.24 1 0
final/internal/repository/postgres/user.go:14.53,16.2 1 0
final/internal/repository/postgres/user.go:18.97,20.41 2 0
final/internal/repository/postgres/user.go:20.41,22.3 1 0
final/internal/repository/postgres/user.go:22.8,22.34 1 0
final/internal/repository/postgres/user.go:22.34,24.3 1 0
final/internal/repository/postgres/user.go:26.2,31.16 4 0
final/internal/repository/postgres/user.go:31.16,34.3 2 0
final/internal/repository/postgres/user.go:35.2,35.18 1 0
final/internal/repository/postgres/user.go:38.98,44.16 5 0
final/internal/repository/postgres/user.go:44.16,47.3 2 0
final/internal/repository/postgres/user.go:48.2,48.19 1 0
final/internal/usecase/usecase.go:18.61,25.2 1 0
final/internal/usecase/implementation/productUsecase.go:13.88,15.2 1 0
final/internal/usecase/implementation/productUsecase.go:17.122,19.16 2 0
final/internal/usecase/implementation/productUsecase.go:19.16,21.3 1 0
final/internal/usecase/implementation/productUsecase.go:22.2,22.31 1 0
final/internal/usecase/implementation/productUsecase.go:22.31,24.3 1 0
final/internal/usecase/implementation/productUsecase.go:25.2,25.62 1 0
final/internal/usecase/implementation/productUsecase.go:28.93,29.34 1 0
final/internal/usecase/implementation/productUsecase.go:29.34,31.3 1 0
final/internal/usecase/implementation/productUsecase.go:32.2,32.65 1 0
final/internal/usecase/implementation/productUsecase.go:35.45,36.24 1 0
final/internal/usecase/implementation/productUsecase.go:36.24,38.3 1 0
final/internal/usecase/implementation/productUsecase.go:39.2,45.9 3 0
final/internal/usecase/implementation/productUsecase.go:45.9,47.3 1 0
final/internal/usecase/implementation/productUsecase.go:48.2,48.12 1 0
final/internal/usecase/implementation/pvzUsecase.go:16.72,18.2 1 0
final/internal/usecase/implementation/pvzUsecase.go:20.92,22.16 2 0
final/internal/usecase/implementation/pvzUsecase.go:22.16,24.3 1 0
final/internal/usecase/implementation/pvzUsecase.go:25.2,25.45 1 0
final/internal/usecase/implementation/pvzUsecase.go:28.143,30.24 2 0
final/internal/usecase/implementation/pvzUsecase.go:30.24,32.17 2 0
final/internal/usecase/implementation/pvzUsecase.go:32.17,35.4 2 0
final/internal/usecase/implementation/pvzUsecase.go:36.3,36.29 1 0
final/internal/usecase/implementation/pvzUsecase.go:39.2,39.22 1 0
final/internal/usecase/implementation/pvzUsecase.go:39.22,41.17 2 0
final/internal/usecase/implementation/pvzUsecase.go:41.17,44.4 2 0
final/internal/usecase/implementation/pvzUsecase.go:45.3,45.25 1 0
final/internal/usecase/implementation/pvzUsecase.go:48.2,49.19 2 0
final/internal/usecase/implementation/pvzUsecase.go:49.19,51.17 2 0
final/internal/usecase/implementation/pvzUsecase.go:51.17,54.4 2 0
final/internal/usecase/implementation/pvzUsecase.go:55.3,55.13 1 0
final/internal/usecase/implementation/pvzUsecase.go:58.2,59.20 2 0
final/internal/usecase/implementation/pvzUsecase.go:59.20,61.17 2 0
final/internal/usecase/implementation/pvzUsecase.go:61.17,64.4 2 0
final/internal/usecase/implementation/pvzUsecase.go:65.3,65.14 1 0
final/internal/usecase/implementation/pvzUsecase.go:68.2,71.16 3 0
final/internal/usecase/implementation/pvzUsecase.go:71.16,73.3 1 0
final/internal/usecase/implementation/pvzUsecase.go:74.2,74.21 1 0
final/internal/usecase/implementation/pvzUsecase.go:77.38,78.17 1 0
final/internal/usecase/implementation/pvzUsecase.go:78.17,80.3 1 0
final/internal/usecase/implementation/pvzUsecase.go:81.2,87.9 3 0
final/internal/usecase/implementation/pvzUsecase.go:87.9,89.3 1 0
final/internal/usecase/implementation/pvzUsecase.go:90.2,90.12 1 0
final/internal/usecase/implementation/receptionUsecase.go:13.96,15.2 1 0
final/internal/usecase/implementation/receptionUsecase.go:17.122,18.28 1 0
final/internal/usecase/implementation/receptionUsecase.go:18.28,20.3 1 0
final/internal/usecase/implementation/receptionUsecase.go:21.2,21.63 1 0
final/internal/usecase/implementation/receptionUsecase.go:24.107,25.34 1 0
final/internal/usecase/implementation/receptionUsecase.go:25.34,27.3 1 0
final/internal/usecase/implementation/receptionUsecase.go:28.2,28.58 1 0
final/internal/usecase/implementation/userUsecase.go:15.76,17.2 1 0
final/internal/usecase/implementation/userUsecase.go:19.105,20.31 1 0
final/internal/usecase/implementation/userUsecase.go:20.31,22.3 1 0
final/internal/usecase/implementation/userUsecase.go:24.2,26.16 3 0
final/internal/usecase/implementation/userUsecase.go:26.16,29.3 2 0
final/internal/usecase/implementation/userUsecase.go:31.2,36.46 3 0
final/internal/usecase/implementation/userUsecase.go:39.49,40.47 1 0
final/internal/usecase/implementation/userUsecase.go:40.47,42.3 1 0
final/internal/usecase/implementation/userUsecase.go:43.2,43.13 1 0
final/internal/usecase/implementation/userUsecase.go:46.102,47.31 1 0
final/internal/usecase/implementation/userUsecase.go:47.31,49.3 1 0
final/internal/usecase/implementation/userUsecase.go:51.2,52.16 2 0
final/internal/usecase/implementation/userUsecase.go:52.16,54.3 1 0
final/internal/usecase/implementation/userUsecase.go:54.8,54.24 1 0
final/internal/usecase/implementation/userUsecase.go:54.24,56.3 1 0
final/internal/usecase/implementation/userUsecase.go:58.2,58.106 1 0
final/internal/usecase/implementation/userUsecase.go:58.106,61.3 2 0
final/internal/usecase/implementation/userUsecase.go:62.2,62.18 1 0
final/internal/usecase/mocks/mock.go:27.65,31.2 3 0
final/internal/usecase/mocks/mock.go:34.63,36.2 1 0
final/internal/usecase/mocks/mock.go:39.97,45.2 5 0
final/internal/usecase/mocks/mock.go:48.86,51.2 2 0
final/internal/usecase/mocks/mock.go:54.126,60.2 5 0
final/internal/usecase/mocks/mock.go:63.105,66.2 2 0
final/internal/usecase/mocks/mock.go:80.77,84.2 3 0
final/internal/usecase/mocks/mock.go:87.75,89.2 1 0
final/internal/usecase/mocks/mock.go:92.110,98.2 5 0
final/internal/usecase/mocks/mock.go:101.97,104.2 2 0
final/internal/usecase/mocks/mock.go:107.121,113.2 5 0
final/internal/usecase/mocks/mock.go:116.98,119.2 2 0
final/internal/usecase/mocks/mock.go:133.73,137.2 3 0
final/internal/usecase/mocks/mock.go:140.71,142.2 1 0
final/internal/usecase/mocks/mock.go:145.118,151.2 5 0
final/internal/usecase/mocks/mock.go:154.94,157.2 2 0
final/internal/usecase/mocks/mock.go:160.96,165.2 4 0
final/internal/usecase/mocks/mock.go:168.104,171.2 2 0
final/internal/usecase/mocks/mock.go:185.67,189.2 3 0
final/internal/usecase/mocks/mock.go:192.65,194.2 1 0
final/internal/usecase/mocks/mock.go:197.101,203.2 5 0
final/internal/usecase/mocks/mock.go:206.83,209.2 2 0
final/internal/usecase/mocks/mock.go:212.104,218.2 5 0
final/internal/usecase/mocks/mock.go:221.86,224.2 2 0
final/cmd/main.go:28.13,31.40 2 0
final/cmd/main.go:31.40,33.3 1 0
final/cmd/main.go:34.2,37.16 3 0
final/cmd/main.go:37.16,39.3 1 0
final/cmd/main.go:40.2,42.16 3 0
final/cmd/main.go:42.16,44.3 1 0
final/cmd/main.go:46.2,55.12 6 0
final/cmd/main.go:55.12,57.86 2 0
final/cmd/main.go:57.86,59.4 1 0
final/cmd/main.go:62.2,62.12 1 0
final/cmd/main.go:62.12,64.21 2 0
final/cmd/main.go:64.21,66.4 1 0
final/cmd/main.go:67.3,68.21 2 0
final/cmd/main.go:68.21,70.4 1 0
final/cmd/main.go:72.3,79.63 7 0
final/cmd/main.go:79.63,81.4 1 0
final/cmd/main.go:84.2,84.12 1 0
final/cmd/main.go:84.12,87.24 3 0
final/cmd/main.go:87.24,89.4 1 0
final/cmd/main.go:91.3,92.24 2 0
final/cmd/main.go:92.24,94.4 1 0
final/cmd/main.go:95.3,95.68 1 0
final/cmd/main.go:98.2,106.41 7 0
final/cmd/main.go:106.41,108.3 1 0
final/cmd/main.go:110.2,110.9 1 0
final/cmd/main.go:111.20,112.36 1 0
final/cmd/main.go:114.2,114.28 1 0
final/internal/controller/handler.go:16.51,18.2 1 0
final/internal/controller/handler.go:20.41,38.38 12 0
final/internal/controller/handler.go:38.38,41.3 1 0
final/internal/controller/handler.go:42.2,42.15 1 0
final/internal/controller/handler.go:45.45,48.41 3 0
final/internal/controller/handler.go:48.41,51.3 2 0
final/internal/controller/handler.go:53.2,54.16 2 0
final/internal/controller/handler.go:54.16,57.3 2 0
final/internal/controller/handler.go:58.2,59.26 2 0
final/internal/controller/handler.go:62.51,65.47 3 0
final/internal/controller/handler.go:65.47,68.3 2 0
final/internal/controller/handler.go:70.2,71.16 2 0
final/internal/controller/handler.go:71.16,74.3 2 0
final/internal/controller/handler.go:75.2,76.33 2 0
final/internal/controller/handler.go:79.54,84.16 4 0
final/internal/controller/handler.go:84.16,87.3 2 0
final/internal/controller/handler.go:88.2,88.34 1 0
final/internal/controller/handler.go:91.49,94.50 3 0
final/internal/controller/handler.go:94.50,97.3 2 0
final/internal/controller/handler.go:99.2,100.16 2 0
final/internal/controller/handler.go:100.16,103.3 2 0
final/internal/controller/handler.go:104.2,105.29 2 0
final/internal/controller/handler.go:108.59,112.16 3 0
final/internal/controller/handler.go:112.16,116.3 3 0
final/internal/controller/handler.go:117.2,117.25 1 0
final/internal/controller/handler.go:120.46,127.16 6 0
final/internal/controller/handler.go:127.16,131.3 3 0
final/internal/controller/handler.go:132.2,133.32 2 0
final/internal/controller/handler.go:136.46,139.42 3 0
final/internal/controller/handler.go:139.42,142.3 2 0
final/internal/controller/handler.go:144.2,144.40 1 0
final/internal/controller/handler.go:144.40,147.3 2 0
final/internal/controller/handler.go:149.2,150.16 2 0
final/internal/controller/handler.go:150.16,153.3 2 0
final/internal/controller/handler.go:154.2,154.30 1 0
final/internal/controller/handler.go:157.44,160.47 3 0
final/internal/controller/handler.go:160.47,163.3 2 0
final/internal/controller/handler.go:165.2,165.45 1 0
final/internal/controller/handler.go:165.45,168.3 2 0
final/internal/controller/handler.go:170.2,171.16 2 0
final/internal/controller/handler.go:171.16,174.3 2 0
final/internal/controller/handler.go:175.2,175.34 1 0
final/internal/controller/handler.go:178.41,181.47 3 0
final/internal/controller/handler.go:181.47,184.3 2 0
final/internal/controller/handler.go:186.2,187.16 2 0
final/internal/controller/handler.go:187.16,190.3 2 0
final/internal/controller/handler.go:192.2,193.16 2 0
final/internal/controller/handler.go:193.16,196.3 2 0
final/internal/controller/handler.go:197.2,197.30 1 0
final/internal/database/postgres.go:20.81,40.34 13 0
final/internal/database/postgres.go:40.34,42.17 2 0
final/internal/database/postgres.go:42.17,43.9 1 0
final/internal/database/postgres.go:45.3,46.25 2 0
final/internal/database/postgres.go:48.2,48.29 1 0
final/internal/database/postgres.go:48.29,50.3 1 0
final/internal/database/postgres.go:52.2,58.20 6 0
final/internal/database/postgres.go:61.39,63.53 2 0
final/internal/database/postgres.go:63.53,65.3 1 0
final/internal/database/postgres.go:67.2,68.28 2 0
final/internal/database/postgres.go:68.28,70.3 1 0
final/internal/database/postgres.go:71.2,71.69 1 0
final/internal/database/postgres.go:71.69,73.3 1 0
final/internal/database/postgres.go:76.46,78.2 1 0
final/internal/logger/logger.go:5.19,8.2 2 0
final/internal/metrics/config.go:51.13,57.2 5 0
final/internal/metrics/config.go:59.45,60.30 1 0
final/internal/metrics/config.go:60.30,67.21 6 0
final/internal/metrics/config.go:67.21,69.4 1 0
final/internal/metrics/config.go:71.3,72.81 2 0
final/internal/metrics/config.go:76.39,78.30 2 0
final/internal/metrics/config.go:78.30,80.3 1 0
final/internal/midleware/auth.go:17.33,19.18 2 0
final/internal/midleware/auth.go:19.18,21.3 1 0
final/internal/midleware/auth.go:22.2,25.22 3 0
final/internal/midleware/auth.go:25.22,27.3 1 0
final/internal/midleware/auth.go:28.2,29.16 2 0
final/internal/midleware/auth.go:29.16,31.3 1 0
final/internal/midleware/auth.go:31.8,31.21 1 0
final/internal/midleware/auth.go:31.21,33.3 1 0
final/internal/midleware/auth.go:34.2,36.12 2 0
final/internal/midleware/auth.go:39.35,40.30 1 0
final/internal/midleware/auth.go:40.30,42.46 2 0
final/internal/midleware/auth.go:42.46,45.4 2 0
final/internal/midleware/auth.go:46.3,48.81 2 0
final/internal/midleware/auth.go:48.81,49.59 1 0
final/internal/midleware/auth.go:49.59,51.5 1 0
final/internal/midleware/auth.go:52.4,52.25 1 0
final/internal/midleware/auth.go:55.3,55.33 1 0
final/internal/midleware/auth.go:55.33,58.4 2 0
final/internal/midleware/auth.go:60.3,61.10 2 0
final/internal/midleware/auth.go:61.10,64.4 2 0
final/internal/midleware/auth.go:66.3,68.11 3 0
final/internal/midleware/auth.go:77.35,78.17 1 0
final/internal/midleware/auth.go:78.17,80.3 1 0
final/internal/midleware/auth.go:81.2,82.11 2 0
final/internal/midleware/auth.go:85.58,86.30 1 0
final/internal/midleware/auth.go:86.30,88.34 2 0
final/internal/midleware/auth.go:88.34,89.17 1 0
final/internal/midleware/auth.go:89.17,92.5 2 0
final/internal/midleware/auth.go:94.3,95.12 2 0
final/internal/midleware/auth.go:99.55,108.16 4 0
final/internal/midleware/auth.go:108.16,111.3 2 0
final/internal/midleware/auth.go:112.2,112.25 1 0
final/internal/repository/repository.go:20.45,28.2 2 0
final/internal/repository/mocks/mock.go:28.71,32.2 3 1
final/internal/repository/mocks/mock.go:35.69,37.2 1 1
final/internal/repository/mocks/mock.go:40.100,46.2 5 0
final/internal/repository/mocks/mock.go:49.89,52.2 2 0
final/internal/repository/mocks/mock.go:55.84,61.2 5 1
final/internal/repository/mocks/mock.go:64.83,67.2 2 1
final/internal/repository/mocks/mock.go:70.137,76.2 5 0
final/internal/repository/mocks/mock.go:79.108,82.2 2 0
final/internal/repository/mocks/mock.go:96.83,100.2 3 0
final/internal/repository/mocks/mock.go:103.81,105.2 1 0
final/internal/repository/mocks/mock.go:108.113,114.2 5 0
final/internal/repository/mocks/mock.go:117.100,120.2 2 0
final/internal/repository/mocks/mock.go:123.124,129.2 5 0
final/internal/repository/mocks/mock.go:132.101,135.2 2 0
final/internal/repository/mocks/mock.go:149.79,153.2 3 0
final/internal/repository/mocks/mock.go:156.77,158.2 1 0
final/internal/repository/mocks/mock.go:161.121,167.2 5 0
final/internal/repository/mocks/mock.go:170.97,173.2 2 0
final/internal/repository/mocks/mock.go:176.99,181.2 4 0
final/internal/repository/mocks/mock.go:184.107,187.2 2 0
final/internal/repository/mocks/mock.go:201.73,205.2 3 0
final/internal/repository/mocks/mock.go:208.71,210.2 1 0
final/internal/repository/mocks/mock.go:213.102,219.2 5 0
final/internal/repository/mocks/mock.go:222.95,225.2 2 0
final/internal/repository/mocks/mock.go:228.102,234.2 5 0
final/internal/repository/mocks/mock.go:237.89,240.2 2 0
final/internal/repository/postgres/product.go:15.101,17.2 1 0
final/internal/repository/postgres/product.go:19.124,21.16 2 0
final/internal/repository/postgres/product.go:21.16,24.3 2 0
final/internal/repository/postgres/product.go:25.2,25.15 1 0
final/internal/repository/postgres/product.go:25.15,26.17 1 0
final/internal/repository/postgres/product.go:26.17,27.56 1 0
final/internal/repository/postgres/product.go:27.56,29.5 1 0
final/internal/repository/postgres/product.go:30.9,32.24 2 0
final/internal/repository/postgres/product.go:32.24,34.5 1 0
final/internal/repository/postgres/product.go:38.2,39.16 2 0
final/internal/repository/postgres/product.go:39.16,41.3 1 0
final/internal/repository/postgres/product.go:41.8,41.31 1 0
final/internal/repository/postgres/product.go:41.31,43.3 1 0
final/internal/repository/postgres/product.go:45.2,54.16 7 0
final/internal/repository/postgres/product.go:54.16,57.3 2 0
final/internal/repository/postgres/product.go:58.2,58.22 1 0
final/internal/repository/postgres/product.go:61.95,63.16 2 0
final/internal/repository/postgres/product.go:63.16,66.3 2 0
final/internal/repository/postgres/product.go:67.2,67.15 1 0
final/internal/repository/postgres/product.go:67.15,68.17 1 0
final/internal/repository/postgres/product.go:68.17,69.56 1 0
final/internal/repository/postgres/product.go:69.56,71.5 1 0
final/internal/repository/postgres/product.go:72.9,74.24 2 0
final/internal/repository/postgres/product.go:74.24,76.5 1 0
final/internal/repository/postgres/product.go:80.2,81.16 2 0
final/internal/repository/postgres/product.go:81.16,83.3 1 0
final/internal/repository/postgres/product.go:83.8,83.31 1 0
final/internal/repository/postgres/product.go:83.31,85.3 1 0
final/internal/repository/postgres/product.go:87.2,88.16 2 0
final/internal/repository/postgres/product.go:88.16,90.3 1 0
final/internal/repository/postgres/product.go:90.8,90.30 1 0
final/internal/repository/postgres/product.go:90.30,92.3 1 0
final/internal/repository/postgres/product.go:94.2,104.16 3 0
final/internal/repository/postgres/product.go:104.16,107.3 2 0
final/internal/repository/postgres/product.go:108.2,108.12 1 0
final/internal/repository/postgres/product.go:111.131,115.16 4 0
final/internal/repository/postgres/product.go:115.16,118.3 2 0
final/internal/repository/postgres/product.go:119.2,119.26 1 0
final/internal/repository/postgres/pvz.go:17.51,19.2 1 0
final/internal/repository/postgres/pvz.go:21.94,27.65 3 0
final/internal/repository/postgres/pvz.go:27.65,30.3 2 0
final/internal/repository/postgres/pvz.go:31.2,31.17 1 0
final/internal/repository/postgres/pvz.go:34.79,38.16 3 0
final/internal/repository/postgres/pvz.go:38.16,41.3 2 0
final/internal/repository/postgres/pvz.go:42.2,42.29 1 0
final/internal/repository/postgres/pvz.go:42.29,44.17 2 0
final/internal/repository/postgres/pvz.go:44.17,46.4 1 0
final/internal/repository/postgres/pvz.go:49.2,50.18 2 0
final/internal/repository/postgres/pvz.go:50.18,53.17 3 0
final/internal/repository/postgres/pvz.go:53.17,56.4 2 0
final/internal/repository/postgres/pvz.go:57.3,57.32 1 0
final/internal/repository/postgres/pvz.go:60.2,60.20 1 0
final/internal/repository/postgres/pvz.go:63.143,76.22 3 0
final/internal/repository/postgres/pvz.go:76.22,78.3 1 0
final/internal/repository/postgres/pvz.go:79.2,79.20 1 0
final/internal/repository/postgres/pvz.go:79.20,81.3 1 0
final/internal/repository/postgres/pvz.go:83.2,88.16 3 0
final/internal/repository/postgres/pvz.go:88.16,91.3 2 0
final/internal/repository/postgres/pvz.go:93.2,94.16 2 0
final/internal/repository/postgres/pvz.go:94.16,97.3 2 0
final/internal/repository/postgres/pvz.go:98.2,98.29 1 0
final/internal/repository/postgres/pvz.go:98.29,100.17 2 0
final/internal/repository/postgres/pvz.go:100.17,102.4 1 0
final/internal/repository/postgres/pvz.go:105.2,106.18 2 0
final/internal/repository/postgres/pvz.go:106.18,120.17 3 0
final/internal/repository/postgres/pvz.go:120.17,123.4 2 0
final/internal/repository/postgres/pvz.go:125.3,126.31 2 0
final/internal/repository/postgres/pvz.go:126.31,135.4 1 0
final/internal/repository/postgres/pvz.go:137.3,137.24 1 0
final/internal/repository/postgres/pvz.go:137.24,141.41 3 0
final/internal/repository/postgres/pvz.go:141.41,142.66 1 0
final/internal/repository/postgres/pvz.go:142.66,144.25 2 0
final/internal/repository/postgres/pvz.go:144.25,151.7 1 0
final/internal/repository/postgres/pvz.go:152.6,152.11 1 0
final/internal/repository/postgres/pvz.go:156.4,156.24 1 0
[...]
final/internal/controller/handler.go:54.16,57.3 2 0
final/internal/controller/handler.go:58.2,59.26 2 1
final/internal/controller/handler.go:62.51,65.47 3 1
final/internal/controller/handler.go:65.47,68.3 2 0
final/internal/controller/handler.go:70.2,71.16 2 1
final/internal/controller/handler.go:71.16,74.3 2 0
final/internal/controller/handler.go:75.2,76.33 2 1
final/internal/controller/handler.go:79.54,84.16 4 1
final/internal/controller/handler.go:84.16,87.3 2 0
final/internal/controller/handler.go:88.2,88.34 1 1
final/internal/controller/handler.go:91.49,94.50 3 1
final/internal/controller/handler.go:94.50,97.3 2 0
final/internal/controller/handler.go:99.2,100.16 2 1
final/internal/controller/handler.go:100.16,103.3 2 0
final/internal/controller/handler.go:104.2,105.29 2 1
final/internal/controller/handler.go:108.59,112.16 3 0
final/internal/controller/handler.go:112.16,116.3 3 0
final/internal/controller/handler.go:117.2,117.25 1 0
final/internal/controller/handler.go:120.46,127.16 6 0
final/internal/controller/handler.go:127.16,131.3 3 0
final/internal/controller/handler.go:132.2,133.32 2 0
final/internal/controller/handler.go:136.46,139.42 3 1
final/internal/controller/handler.go:139.42,142.3 2 0
final/internal/controller/handler.go:144.2,144.40 1 1
final/internal/controller/handler.go:144.40,147.3 2 0
final/internal/controller/handler.go:149.2,150.16 2 1
final/internal/controller/handler.go:150.16,153.3 2 0
final/internal/controller/handler.go:154.2,154.30 1 1
final/internal/controller/handler.go:157.44,160.47 3 0
final/internal/controller/handler.go:160.47,163.3 2 0
final/internal/controller/handler.go:165.2,165.45 1 0
final/internal/controller/handler.go:165.45,168.3 2 0
final/internal/controller/handler.go:170.2,171.16 2 0
final/internal/controller/handler.go:171.16,174.3 2 0
final/internal/controller/handler.go:175.2,175.34 1 0
final/internal/controller/handler.go:178.41,181.47 3 0
final/internal/controller/handler.go:181.47,184.3 2 0
final/internal/controller/handler.go:186.2,187.16 2 0
final/internal/controller/handler.go:187.16,190.3 2 0
final/internal/controller/handler.go:192.2,193.16 2 0
final/internal/controller/handler.go:193.16,196.3 2 0
final/internal/controller/handler.go:197.2,197.30 1 0
final/internal/database/postgres.go:20.81,40.34 13 1
final/internal/database/postgres.go:40.34,42.17 2 1
final/internal/database/postgres.go:42.17,43.9 1 1
final/internal/database/postgres.go:45.3,46.25 2 0
final/internal/database/postgres.go:48.2,48.29 1 1
final/internal/database/postgres.go:48.29,50.3 1 0
final/internal/database/postgres.go:52.2,58.20 6 1
final/internal/database/postgres.go:61.39,63.53 2 1
final/internal/database/postgres.go:63.53,65.3 1 0
final/internal/database/postgres.go:67.2,68.28 2 1
final/internal/database/postgres.go:68.28,70.3 1 0
final/internal/database/postgres.go:71.2,71.69 1 1
final/internal/database/postgres.go:71.69,73.3 1 0
final/internal/database/postgres.go:76.46,78.2 1 1
final/internal/logger/logger.go:5.19,8.2 2 1
final/internal/metrics/config.go:51.13,57.2 5 0
final/internal/metrics/config.go:59.45,60.30 1 1
final/internal/metrics/config.go:60.30,67.21 6 1
final/internal/metrics/config.go:67.21,69.4 1 0
final/internal/metrics/config.go:71.3,72.81 2 1
final/internal/metrics/config.go:76.39,78.30 2 0
final/internal/metrics/config.go:78.30,80.3 1 0
final/internal/midleware/auth.go:17.33,19.18 2 1
final/internal/midleware/auth.go:19.18,21.3 1 0
final/internal/midleware/auth.go:22.2,25.22 3 1
final/internal/midleware/auth.go:25.22,27.3 1 0
final/internal/midleware/auth.go:28.2,29.16 2 1
final/internal/midleware/auth.go:29.16,31.3 1 0
final/internal/midleware/auth.go:31.8,31.21 1 1
final/internal/midleware/auth.go:31.21,33.3 1 0
final/internal/midleware/auth.go:34.2,36.12 2 1
final/internal/midleware/auth.go:39.35,40.30 1 1
final/internal/midleware/auth.go:40.30,42.46 2 1
final/internal/midleware/auth.go:42.46,45.4 2 0
final/internal/midleware/auth.go:46.3,48.81 2 1
final/internal/midleware/auth.go:48.81,49.59 1 1
final/internal/midleware/auth.go:49.59,51.5 1 0
final/internal/midleware/auth.go:52.4,52.25 1 1
final/internal/midleware/auth.go:55.3,55.33 1 1
final/internal/midleware/auth.go:55.33,58.4 2 0
final/internal/midleware/auth.go:60.3,61.10 2 1
final/internal/midleware/auth.go:61.10,64.4 2 0
final/internal/midleware/auth.go:66.3,68.11 3 1
final/internal/midleware/auth.go:77.35,78.17 1 1
final/internal/midleware/auth.go:78.17,80.3 1 0
final/internal/midleware/auth.go:81.2,82.11 2 1
final/internal/midleware/auth.go:85.58,86.30 1 1
final/internal/midleware/auth.go:86.30,88.34 2 1
final/internal/midleware/auth.go:88.34,89.17 1 1
final/internal/midleware/auth.go:89.17,92.5 2 1
final/internal/midleware/auth.go:94.3,95.12 2 0
final/internal/midleware/auth.go:99.55,108.16 4 1
final/internal/midleware/auth.go:108.16,111.3 2 0
final/internal/midleware/auth.go:112.2,112.25 1 1
final/internal/repository/repository.go:20.45,28.2 2 1
final/internal/repository/mocks/mock.go:28.71,32.2 3 0
final/internal/repository/mocks/mock.go:35.69,37.2 1 0
final/internal/repository/mocks/mock.go:40.100,46.2 5 0
final/internal/repository/mocks/mock.go:49.89,52.2 2 0
final/internal/repository/mocks/mock.go:55.84,61.2 5 0
final/internal/repository/mocks/mock.go:64.83,67.2 2 0
final/internal/repository/mocks/mock.go:70.137,76.2 5 0
final/internal/repository/mocks/mock.go:79.108,82.2 2 0
final/internal/repository/mocks/mock.go:96.83,100.2 3 0
final/internal/repository/mocks/mock.go:103.81,105.2 1 0
final/internal/repository/mocks/mock.go:108.113,114.2 5 0
final/internal/repository/mocks/mock.go:117.100,120.2 2 0
final/internal/repository/mocks/mock.go:123.124,129.2 5 0
final/internal/repository/mocks/mock.go:132.101,135.2 2 0
final/internal/repository/mocks/mock.go:149.79,153.2 3 0
final/internal/repository/mocks/mock.go:156.77,158.2 1 0
final/internal/repository/mocks/mock.go:161.121,167.2 5 0
final/internal/repository/mocks/mock.go:170.97,173.2 2 0
final/internal/repository/mocks/mock.go:176.99,181.2 4 0
final/internal/repository/mocks/mock.go:184.107,187.2 2 0
final/internal/repository/mocks/mock.go:201.73,205.2 3 0
final/internal/repository/mocks/mock.go:208.71,210.2 1 0
final/internal/repository/mocks/mock.go:213.102,219.2 5 0
final/internal/repository/mocks/mock.go:222.95,225.2 2 0
final/internal/repository/mocks/mock.go:228.102,234.2 5 0
final/internal/repository/mocks/mock.go:237.89,240.2 2 0
final/internal/repository/postgres/product.go:15.101,17.2 1 1
final/internal/repository/postgres/product.go:19.124,21.16 2 1
final/internal/repository/postgres/product.go:21.16,24.3 2 0
final/internal/repository/postgres/product.go:25.2,25.15 1 1
final/internal/repository/postgres/product.go:25.15,26.17 1 1
final/internal/repository/postgres/product.go:26.17,27.56 1 0
final/internal/repository/postgres/product.go:27.56,29.5 1 0
final/internal/repository/postgres/product.go:30.9,32.24 2 1
final/internal/repository/postgres/product.go:32.24,34.5 1 0
final/internal/repository/postgres/product.go:38.2,39.16 2 1
final/internal/repository/postgres/product.go:39.16,41.3 1 0
final/internal/repository/postgres/product.go:41.8,41.31 1 1
final/internal/repository/postgres/product.go:41.31,43.3 1 0
final/internal/repository/postgres/product.go:45.2,54.16 7 1
final/internal/repository/postgres/product.go:54.16,57.3 2 0
final/internal/repository/postgres/product.go:58.2,58.22 1 1
final/internal/repository/postgres/product.go:61.95,63.16 2 0
final/internal/repository/postgres/product.go:63.16,66.3 2 0
final/internal/repository/postgres/product.go:67.2,67.15 1 0
final/internal/repository/postgres/product.go:67.15,68.17 1 0
final/internal/repository/postgres/product.go:68.17,69.56 1 0
final/internal/repository/postgres/product.go:69.56,71.5 1 0
final/internal/repository/postgres/product.go:72.9,74.24 2 0
final/internal/repository/postgres/product.go:74.24,76.5 1 0
final/internal/repository/postgres/product.go:80.2,81.16 2 0
final/internal/repository/postgres/product.go:81.16,83.3 1 0
final/internal/repository/postgres/product.go:83.8,83.31 1 0
final/internal/repository/postgres/product.go:83.31,85.3 1 0
final/internal/repository/postgres/product.go:87.2,88.16 2 0
final/internal/repository/postgres/product.go:88.16,90.3 1 0
final/internal/repository/postgres/product.go:90.8,90.30 1 0
final/internal/repository/postgres/product.go:90.30,92.3 1 0
final/internal/repository/postgres/product.go:94.2,104.16 3 0
final/internal/repository/postgres/product.go:104.16,107.3 2 0
final/internal/repository/postgres/product.go:108.2,108.12 1 0
final/internal/repository/postgres/product.go:111.131,115.16 4 0
final/internal/repository/postgres/product.go:115.16,118.3 2 0
final/internal/repository/postgres/product.go:119.2,119.26 1 0
final/internal/repository/postgres/pvz.go:17.51,19.2 1 1
final/internal/repository/postgres/pvz.go:21.94,27.65 3 1
final/internal/repository/postgres/pvz.go:27.65,30.3 2 0
final/internal/repository/postgres/pvz.go:31.2,31.17 1 1
final/internal/repository/postgres/pvz.go:34.79,38.16 3 0
final/internal/repository/postgres/pvz.go:38.16,41.3 2 0
final/internal/repository/postgres/pvz.go:42.2,42.29 1 0
final/internal/repository/postgres/pvz.go:42.29,44.17 2 0
final/internal/repository/postgres/pvz.go:44.17,46.4 1 0
final/internal/repository/postgres/pvz.go:49.2,50.18 2 0
final/internal/repository/postgres/pvz.go:50.18,53.17 3 0
final/internal/repository/postgres/pvz.go:53.17,56.4 2 0
final/internal/repository/postgres/pvz.go:57.3,57.32 1 0
final/internal/repository/postgres/pvz.go:60.2,60.20 1 0
final/internal/repository/postgres/pvz.go:63.143,76.22 3 0
final/internal/repository/postgres/pvz.go:76.22,78.3 1 0
final/internal/repository/postgres/pvz.go:79.2,79.20 1 0
final/internal/repository/postgres/pvz.go:79.20,81.3 1 0
final/internal/repository/postgres/pvz.go:83.2,88.16 3 0
final/internal/repository/postgres/pvz.go:88.16,91.3 2 0
final/internal/repository/postgres/pvz.go:93.2,94.16 2 0
final/internal/repository/postgres/pvz.go:94.16,97.3 2 0
final/internal/repository/postgres/pvz.go:98.2,98.29 1 0
final/internal/repository/postgres/pvz.go:98.29,100.17 2 0
final/internal/repository/postgres/pvz.go:100.17,102.4 1 0
final/internal/repository/postgres/pvz.go:105.2,106.18 2 0
final/internal/repository/postgres/pvz.go:106.18,120.17 3 0
final/internal/repository/postgres/pvz.go:120.17,123.4 2 0
final/internal/repository/postgres/pvz.go:125.3,126.31 2 0
final/internal/repository/postgres/pvz.go:126.31,135.4 1 0
final/internal/repository/postgres/pvz.go:137.3,137.24 1 0
final/internal/repository/postgres/pvz.go:137.24,141.41 3 0
final/internal/repository/postgres/pvz.go:141.41,142.66 1 0
final/internal/repository/postgres/pvz.go:142.66,144.25 2 0
final/internal/repository/postgres/pvz.go:144.25,151.7 1 0
final/internal/repository/postgres/pvz.go:152.6,152.11 1 0
final/internal/repository/postgres/pvz.go:156.4,156.24 1 0
final/internal/repository/postgres/pvz.go:156.24,166.24 2 0
final/internal/repository/postgres/pvz.go:166.24,173.6 1 0
final/internal/repository/postgres/pvz.go:174.5,174.72 1 0
final/internal/repository/postgres/pvz.go:179.2,180.27 2 0
final/internal/repository/postgres/pvz.go:180.27,182.3 1 0
final/internal/repository/postgres/pvz.go:184.2,184.20 1 0
final/internal/repository/postgres/reception.go:16.63,18.2 1 1
final/internal/repository/postgres/reception.go:20.124,22.16 2 1
final/internal/repository/postgres/reception.go:22.16,25.3 2 0
final/internal/repository/postgres/reception.go:26.2,26.15 1 1
final/internal/repository/postgres/reception.go:26.15,27.17 1 1
final/internal/repository/postgres/reception.go:27.17,28.56 1 0
final/internal/repository/postgres/reception.go:28.56,30.5 1 0
final/internal/repository/postgres/reception.go:31.9,33.24 2 1
final/internal/repository/postgres/reception.go:33.24,35.5 1 0
final/internal/repository/postgres/reception.go:39.2,40.24 2 1
final/internal/repository/postgres/reception.go:40.24,42.3 1 0
final/internal/repository/postgres/reception.go:42.8,42.23 1 1
final/internal/repository/postgres/reception.go:42.23,44.3 1 0
final/internal/repository/postgres/reception.go:46.2,52.16 4 1
final/internal/repository/postgres/reception.go:52.16,55.3 2 0
final/internal/repository/postgres/reception.go:56.2,56.23 1 1
final/internal/repository/postgres/reception.go:59.134,64.16 4 1
final/internal/repository/postgres/reception.go:64.16,65.36 1 1
final/internal/repository/postgres/reception.go:65.36,67.4 1 1
final/internal/repository/postgres/reception.go:68.3,69.18 2 0
final/internal/repository/postgres/reception.go:71.2,71.26 1 1
final/internal/repository/postgres/reception.go:74.119,79.16 4 1
final/internal/repository/postgres/reception.go:79.16,80.36 1 0
final/internal/repository/postgres/reception.go:80.36,82.4 1 0
final/internal/repository/postgres/reception.go:83.3,84.18 2 0
final/internal/repository/postgres/reception.go:86.2,86.26 1 1
final/internal/repository/postgres/reception.go:89.109,91.16 2 1
final/internal/repository/postgres/reception.go:91.16,93.3 1 0
final/internal/repository/postgres/reception.go:93.8,93.31 1 1
final/internal/repository/postgres/reception.go:93.31,95.3 1 0
final/internal/repository/postgres/reception.go:97.2,104.16 4 1
final/internal/repository/postgres/reception.go:104.16,107.3 2 0
final/internal/repository/postgres/reception.go:108.2,108.24 1 1
final/internal/repository/postgres/user.go:14.53,16.2 1 1
final/internal/repository/postgres/user.go:18.97,20.41 2 0
final/internal/repository/postgres/user.go:20.41,22.3 1 0
final/internal/repository/postgres/user.go:22.8,22.34 1 0
final/internal/repository/postgres/user.go:22.34,24.3 1 0
final/internal/repository/postgres/user.go:26.2,31.16 4 0
final/internal/repository/postgres/user.go:31.16,34.3 2 0
final/internal/repository/postgres/user.go:35.2,35.18 1 0
final/internal/repository/postgres/user.go:38.98,44.16 5 0
final/internal/repository/postgres/user.go:44.16,47.3 2 0
final/internal/repository/postgres/user.go:48.2,48.19 1 0
final/internal/usecase/usecase.go:18.61,25.2 1 1
final/internal/usecase/implementation/productUsecase.go:13.88,15.2 1 1
final/internal/usecase/implementation/productUsecase.go:17.122,19.16 2 1
final/internal/usecase/implementation/productUsecase.go:19.16,21.3 1 0
final/internal/usecase/implementation/productUsecase.go:22.2,22.31 1 1
final/internal/usecase/implementation/productUsecase.go:22.31,24.3 1 0
final/internal/usecase/implementation/productUsecase.go:25.2,25.62 1 1
final/internal/usecase/implementation/productUsecase.go:28.93,29.34 1 0
final/internal/usecase/implementation/productUsecase.go:29.34,31.3 1 0
final/internal/usecase/implementation/productUsecase.go:32.2,32.65 1 0
final/internal/usecase/implementation/productUsecase.go:35.45,36.24 1 1
final/internal/usecase/implementation/productUsecase.go:36.24,38.3 1 0
final/internal/usecase/implementation/productUsecase.go:39.2,45.9 3 1
final/internal/usecase/implementation/productUsecase.go:45.9,47.3 1 0
final/internal/usecase/implementation/productUsecase.go:48.2,48.12 1 1
final/internal/usecase/implementation/pvzUsecase.go:16.72,18.2 1 1
final/internal/usecase/implementation/pvzUsecase.go:20.92,22.16 2 1
final/internal/usecase/implementation/pvzUsecase.go:22.16,24.3 1 0
final/internal/usecase/implementation/pvzUsecase.go:25.2,25.45 1 1
final/internal/usecase/implementation/pvzUsecase.go:28.143,30.24 2 0
final/internal/usecase/implementation/pvzUsecase.go:30.24,32.17 2 0
final/internal/usecase/implementation/pvzUsecase.go:32.17,35.4 2 0
final/internal/usecase/implementation/pvzUsecase.go:36.3,36.29 1 0
final/internal/usecase/implementation/pvzUsecase.go:39.2,39.22 1 0
final/internal/usecase/implementation/pvzUsecase.go:39.22,41.17 2 0
final/internal/usecase/implementation/pvzUsecase.go:41.17,44.4 2 0
final/internal/usecase/implementation/pvzUsecase.go:45.3,45.25 1 0
final/internal/usecase/implementation/pvzUsecase.go:48.2,49.19 2 0
final/internal/usecase/implementation/pvzUsecase.go:49.19,51.17 2 0
final/internal/usecase/implementation/pvzUsecase.go:51.17,54.4 2 0
final/internal/usecase/implementation/pvzUsecase.go:55.3,55.13 1 0
final/internal/usecase/implementation/pvzUsecase.go:58.2,59.20 2 0
final/internal/usecase/implementation/pvzUsecase.go:59.20,61.17 2 0
final/internal/usecase/implementation/pvzUsecase.go:61.17,64.4 2 0
final/internal/usecase/implementation/pvzUsecase.go:65.3,65.14 1 0
final/internal/usecase/implementation/pvzUsecase.go:68.2,71.16 3 0
final/internal/usecase/implementation/pvzUsecase.go:71.16,73.3 1 0
final/internal/usecase/implementation/pvzUsecase.go:74.2,74.21 1 0
final/internal/usecase/implementation/pvzUsecase.go:77.38,78.17 1 1
final/internal/usecase/implementation/pvzUsecase.go:78.17,80.3 1 0
final/internal/usecase/implementation/pvzUsecase.go:81.2,87.9 3 1
final/internal/usecase/implementation/pvzUsecase.go:87.9,89.3 1 0
final/internal/usecase/implementation/pvzUsecase.go:90.2,90.12 1 1
final/internal/usecase/implementation/receptionUsecase.go:13.96,15.2 1 1
final/internal/usecase/implementation/receptionUsecase.go:17.122,18.28 1 1
final/internal/usecase/implementation/receptionUsecase.go:18.28,20.3 1 0
final/internal/usecase/implementation/receptionUsecase.go:21.2,21.63 1 1
final/internal/usecase/implementation/receptionUsecase.go:24.107,25.34 1 1
final/internal/usecase/implementation/receptionUsecase.go:25.34,27.3 1 0
final/internal/usecase/implementation/receptionUsecase.go:28.2,28.58 1 1
final/internal/usecase/implementation/userUsecase.go:15.76,17.2 1 1
final/internal/usecase/implementation/userUsecase.go:19.105,20.31 1 0
final/internal/usecase/implementation/userUsecase.go:20.31,22.3 1 0
final/internal/usecase/implementation/userUsecase.go:24.2,26.16 3 0
final/internal/usecase/implementation/userUsecase.go:26.16,29.3 2 0
final/internal/usecase/implementation/userUsecase.go:31.2,36.46 3 0
final/internal/usecase/implementation/userUsecase.go:39.49,40.47 1 0
final/internal/usecase/implementation/userUsecase.go:40.47,42.3 1 0
final/internal/usecase/implementation/userUsecase.go:43.2,43.13 1 0
final/internal/usecase/implementation/userUsecase.go:46.102,47.31 1 0
final/internal/usecase/implementation/userUsecase.go:47.31,49.3 1 0
final/internal/usecase/implementation/userUsecase.go:51.2,52.16 2 0
final/internal/usecase/implementation/userUsecase.go:52.16,54.3 1 0
final/internal/usecase/implementation/userUsecase.go:54.8,54.24 1 0
final/internal/usecase/implementation/userUsecase.go:54.24,56.3 1 0
final/internal/usecase/implementation/userUsecase.go:58.2,58.106 1 0
final/internal/usecase/implementation/userUsecase.go:58.106,61.3 2 0
final/internal/usecase/implementation/userUsecase.go:62.2,62.18 1 0
final/internal/usecase/mocks/mock.go:27.65,31.2 3 0
final/internal/usecase/mocks/mock.go:34.63,36.2 1 0
final/internal/usecase/mocks/mock.go:39.97,45.2 5 0
final/internal/usecase/mocks/mock.go:48.86,51.2 2 0
final/internal/usecase/mocks/mock.go:54.126,60.2 5 0
final/internal/usecase/mocks/mock.go:63.105,66.2 2 0
final/internal/usecase/mocks/mock.go:80.77,84.2 3 0
final/internal/usecase/mocks/mock.go:87.75,89.2 1 0
final/internal/usecase/mocks/mock.go:92.110,98.2 5 0
final/internal/usecase/mocks/mock.go:101.97,104.2 2 0
final/internal/usecase/mocks/mock.go:107.121,113.2 5 0
final/internal/usecase/mocks/mock.go:116.98,119.2 2 0
final/internal/usecase/mocks/mock.go:133.73,137.2 3 0
final/internal/usecase/mocks/mock.go:140.71,142.2 1 0
final/internal/usecase/mocks/mock.go:145.118,151.2 5 0
final/internal/usecase/mocks/mock.go:154.94,157.2 2 0
final/internal/usecase/mocks/mock.go:160.96,165.2 4 0
final/internal/usecase/mocks/mock.go:168.104,171.2 2 0
final/internal/usecase/mocks/mock.go:185.67,189.2 3 0
final/internal/usecase/mocks/mock.go:192.65,194.2 1 0
final/internal/usecase/mocks/mock.go:197.101,203.2 5 0
final/internal/usecase/mocks/mock.go:206.83,209.2 2 0
final/internal/usecase/mocks/mock.go:212.104,218.2 5 0
final/internal/usecase/mocks/mock.go:221.86,224.2 2 0
